Mar 27, 2025 7:29:20 PM org.apache.catalina.startup.VersionLoggerListener log
INFO: Server version:        Apache Tomcat/7.0.81
Mar 27, 2025 7:29:20 PM org.apache.catalina.startup.VersionLoggerListener log
INFO: Server built:          Aug 11 2017 10:21:27 UTC
Mar 27, 2025 7:29:20 PM org.apache.catalina.startup.VersionLoggerListener log
INFO: Server number:         7.0.81.0
Mar 27, 2025 7:29:20 PM org.apache.catalina.startup.VersionLoggerListener log
INFO: OS Name:               Windows 10
Mar 27, 2025 7:29:20 PM org.apache.catalina.startup.VersionLoggerListener log
INFO: OS Version:            10.0
Mar 27, 2025 7:29:21 PM org.apache.catalina.startup.VersionLoggerListener log
INFO: Architecture:          amd64
Mar 27, 2025 7:29:21 PM org.apache.catalina.startup.VersionLoggerListener log
INFO: Java Home:             C:\Program Files\Eclipse Adoptium\jdk-8.0.442.6-hotspot\jre
Mar 27, 2025 7:29:21 PM org.apache.catalina.startup.VersionLoggerListener log
INFO: JVM Version:           1.8.0_442-b06
Mar 27, 2025 7:29:21 PM org.apache.catalina.startup.VersionLoggerListener log
INFO: JVM Vendor:            Temurin
Mar 27, 2025 7:29:21 PM org.apache.catalina.startup.VersionLoggerListener log
INFO: CATALINA_BASE:         C:\Users\LENOVO\Downloads\SC3010 Presentation\apache-tomcat-7.0.81-windows-x64\apache-tomcat-7.0.81
Mar 27, 2025 7:29:21 PM org.apache.catalina.startup.VersionLoggerListener log
INFO: CATALINA_HOME:         C:\Users\LENOVO\Downloads\SC3010 Presentation\apache-tomcat-7.0.81-windows-x64\apache-tomcat-7.0.81
Mar 27, 2025 7:29:21 PM org.apache.catalina.startup.VersionLoggerListener log
INFO: Command line argument: -Djava.util.logging.config.file=C:\Users\LENOVO\Downloads\SC3010 Presentation\apache-tomcat-7.0.81-windows-x64\apache-tomcat-7.0.81\conf\logging.properties
Mar 27, 2025 7:29:21 PM org.apache.catalina.startup.VersionLoggerListener log
INFO: Command line argument: -Djava.util.logging.manager=org.apache.juli.ClassLoaderLogManager
Mar 27, 2025 7:29:21 PM org.apache.catalina.startup.VersionLoggerListener log
INFO: Command line argument: -Djdk.tls.ephemeralDHKeySize=2048
Mar 27, 2025 7:29:21 PM org.apache.catalina.startup.VersionLoggerListener log
INFO: Command line argument: -Djava.endorsed.dirs=C:\Users\LENOVO\Downloads\SC3010 Presentation\apache-tomcat-7.0.81-windows-x64\apache-tomcat-7.0.81\endorsed
Mar 27, 2025 7:29:21 PM org.apache.catalina.startup.VersionLoggerListener log
INFO: Command line argument: -Dcatalina.base=C:\Users\LENOVO\Downloads\SC3010 Presentation\apache-tomcat-7.0.81-windows-x64\apache-tomcat-7.0.81
Mar 27, 2025 7:29:21 PM org.apache.catalina.startup.VersionLoggerListener log
INFO: Command line argument: -Dcatalina.home=C:\Users\LENOVO\Downloads\SC3010 Presentation\apache-tomcat-7.0.81-windows-x64\apache-tomcat-7.0.81
Mar 27, 2025 7:29:21 PM org.apache.catalina.startup.VersionLoggerListener log
INFO: Command line argument: -Djava.io.tmpdir=C:\Users\LENOVO\Downloads\SC3010 Presentation\apache-tomcat-7.0.81-windows-x64\apache-tomcat-7.0.81\temp
Mar 27, 2025 7:29:21 PM org.apache.catalina.core.AprLifecycleListener lifecycleEvent
INFO: Loaded APR based Apache Tomcat Native library 1.2.12 using APR version 1.5.2.
Mar 27, 2025 7:29:21 PM org.apache.catalina.core.AprLifecycleListener lifecycleEvent
INFO: APR capabilities: IPv6 [true], sendfile [true], accept filters [false], random [true].
Mar 27, 2025 7:29:21 PM org.apache.catalina.core.AprLifecycleListener initializeSSL
INFO: OpenSSL successfully initialized (OpenSSL 1.0.2k  26 Jan 2017)
Mar 27, 2025 7:29:21 PM org.apache.coyote.AbstractProtocol init
INFO: Initializing ProtocolHandler ["http-apr-8080"]
Mar 27, 2025 7:29:21 PM org.apache.coyote.AbstractProtocol init
INFO: Initializing ProtocolHandler ["ajp-apr-8009"]
Mar 27, 2025 7:29:21 PM org.apache.catalina.startup.Catalina load
INFO: Initialization processed in 910 ms
Mar 27, 2025 7:29:21 PM org.apache.catalina.core.StandardService startInternal
INFO: Starting service Catalina
Mar 27, 2025 7:29:21 PM org.apache.catalina.core.StandardEngine startInternal
INFO: Starting Servlet Engine: Apache Tomcat/7.0.81
Mar 27, 2025 7:29:21 PM org.apache.catalina.startup.HostConfig deployDirectory
INFO: Deploying web application directory C:\Users\LENOVO\Downloads\SC3010 Presentation\apache-tomcat-7.0.81-windows-x64\apache-tomcat-7.0.81\webapps\docs
Mar 27, 2025 7:29:22 PM org.apache.catalina.util.SessionIdGeneratorBase createSecureRandom
WARNING: Creation of SecureRandom instance for session ID generation using [SHA1PRNG] took [464] milliseconds.
Mar 27, 2025 7:29:22 PM org.apache.catalina.startup.HostConfig deployDirectory
INFO: Deployment of web application directory C:\Users\LENOVO\Downloads\SC3010 Presentation\apache-tomcat-7.0.81-windows-x64\apache-tomcat-7.0.81\webapps\docs has finished in 892 ms
Mar 27, 2025 7:29:22 PM org.apache.catalina.startup.HostConfig deployDirectory
INFO: Deploying web application directory C:\Users\LENOVO\Downloads\SC3010 Presentation\apache-tomcat-7.0.81-windows-x64\apache-tomcat-7.0.81\webapps\examples
Mar 27, 2025 7:29:22 PM org.apache.catalina.startup.HostConfig deployDirectory
INFO: Deployment of web application directory C:\Users\LENOVO\Downloads\SC3010 Presentation\apache-tomcat-7.0.81-windows-x64\apache-tomcat-7.0.81\webapps\examples has finished in 445 ms
Mar 27, 2025 7:29:22 PM org.apache.catalina.startup.HostConfig deployDirectory
INFO: Deploying web application directory C:\Users\LENOVO\Downloads\SC3010 Presentation\apache-tomcat-7.0.81-windows-x64\apache-tomcat-7.0.81\webapps\host-manager
Mar 27, 2025 7:29:23 PM org.apache.catalina.startup.HostConfig deployDirectory
INFO: Deployment of web application directory C:\Users\LENOVO\Downloads\SC3010 Presentation\apache-tomcat-7.0.81-windows-x64\apache-tomcat-7.0.81\webapps\host-manager has finished in 108 ms
Mar 27, 2025 7:29:23 PM org.apache.catalina.startup.HostConfig deployDirectory
INFO: Deploying web application directory C:\Users\LENOVO\Downloads\SC3010 Presentation\apache-tomcat-7.0.81-windows-x64\apache-tomcat-7.0.81\webapps\manager
Mar 27, 2025 7:29:23 PM org.apache.catalina.startup.HostConfig deployDirectory
INFO: Deployment of web application directory C:\Users\LENOVO\Downloads\SC3010 Presentation\apache-tomcat-7.0.81-windows-x64\apache-tomcat-7.0.81\webapps\manager has finished in 102 ms
Mar 27, 2025 7:29:23 PM org.apache.catalina.startup.HostConfig deployDirectory
INFO: Deploying web application directory C:\Users\LENOVO\Downloads\SC3010 Presentation\apache-tomcat-7.0.81-windows-x64\apache-tomcat-7.0.81\webapps\ROOT
Mar 27, 2025 7:29:23 PM org.apache.catalina.startup.HostConfig deployDirectory
INFO: Deployment of web application directory C:\Users\LENOVO\Downloads\SC3010 Presentation\apache-tomcat-7.0.81-windows-x64\apache-tomcat-7.0.81\webapps\ROOT has finished in 68 ms
Mar 27, 2025 7:29:23 PM org.apache.coyote.AbstractProtocol start
INFO: Starting ProtocolHandler ["http-apr-8080"]
Mar 27, 2025 7:29:23 PM org.apache.coyote.AbstractProtocol start
INFO: Starting ProtocolHandler ["ajp-apr-8009"]
Mar 27, 2025 7:29:23 PM org.apache.catalina.startup.Catalina start
INFO: Server startup in 1739 ms
Mar 27, 2025 7:30:55 PM org.apache.catalina.startup.VersionLoggerListener log
INFO: Server version:        Apache Tomcat/7.0.81
Mar 27, 2025 7:30:55 PM org.apache.catalina.startup.VersionLoggerListener log
INFO: Server built:          Aug 11 2017 10:21:27 UTC
Mar 27, 2025 7:30:55 PM org.apache.catalina.startup.VersionLoggerListener log
INFO: Server number:         7.0.81.0
Mar 27, 2025 7:30:55 PM org.apache.catalina.startup.VersionLoggerListener log
INFO: OS Name:               Windows 10
Mar 27, 2025 7:30:55 PM org.apache.catalina.startup.VersionLoggerListener log
INFO: OS Version:            10.0
Mar 27, 2025 7:30:55 PM org.apache.catalina.startup.VersionLoggerListener log
INFO: Architecture:          amd64
Mar 27, 2025 7:30:55 PM org.apache.catalina.startup.VersionLoggerListener log
INFO: Java Home:             C:\Program Files\Eclipse Adoptium\jdk-8.0.442.6-hotspot\jre
Mar 27, 2025 7:30:55 PM org.apache.catalina.startup.VersionLoggerListener log
INFO: JVM Version:           1.8.0_442-b06
Mar 27, 2025 7:30:55 PM org.apache.catalina.startup.VersionLoggerListener log
INFO: JVM Vendor:            Temurin
Mar 27, 2025 7:30:55 PM org.apache.catalina.startup.VersionLoggerListener log
INFO: CATALINA_BASE:         C:\Users\LENOVO\Downloads\SC3010 Presentation\apache-tomcat-7.0.81-windows-x64\apache-tomcat-7.0.81
Mar 27, 2025 7:30:55 PM org.apache.catalina.startup.VersionLoggerListener log
INFO: CATALINA_HOME:         C:\Users\LENOVO\Downloads\SC3010 Presentation\apache-tomcat-7.0.81-windows-x64\apache-tomcat-7.0.81
Mar 27, 2025 7:30:55 PM org.apache.catalina.startup.VersionLoggerListener log
INFO: Command line argument: -Dcatalina.home=C:\Users\LENOVO\Downloads\SC3010 Presentation\apache-tomcat-7.0.81-windows-x64\apache-tomcat-7.0.81
Mar 27, 2025 7:30:55 PM org.apache.catalina.startup.VersionLoggerListener log
INFO: Command line argument: -Dcatalina.base=C:\Users\LENOVO\Downloads\SC3010 Presentation\apache-tomcat-7.0.81-windows-x64\apache-tomcat-7.0.81
Mar 27, 2025 7:30:55 PM org.apache.catalina.startup.VersionLoggerListener log
INFO: Command line argument: -Djava.endorsed.dirs=C:\Users\LENOVO\Downloads\SC3010 Presentation\apache-tomcat-7.0.81-windows-x64\apache-tomcat-7.0.81\endorsed
Mar 27, 2025 7:30:55 PM org.apache.catalina.startup.VersionLoggerListener log
INFO: Command line argument: -Djava.io.tmpdir=C:\Users\LENOVO\Downloads\SC3010 Presentation\apache-tomcat-7.0.81-windows-x64\apache-tomcat-7.0.81\temp
Mar 27, 2025 7:30:55 PM org.apache.catalina.startup.VersionLoggerListener log
INFO: Command line argument: -Djava.util.logging.manager=org.apache.juli.ClassLoaderLogManager
Mar 27, 2025 7:30:55 PM org.apache.catalina.startup.VersionLoggerListener log
INFO: Command line argument: -Djava.util.logging.config.file=C:\Users\LENOVO\Downloads\SC3010 Presentation\apache-tomcat-7.0.81-windows-x64\apache-tomcat-7.0.81\conf\logging.properties
Mar 27, 2025 7:30:55 PM org.apache.catalina.startup.VersionLoggerListener log
INFO: Command line argument: exit
Mar 27, 2025 7:30:55 PM org.apache.catalina.startup.VersionLoggerListener log
INFO: Command line argument: -Xms128m
Mar 27, 2025 7:30:55 PM org.apache.catalina.startup.VersionLoggerListener log
INFO: Command line argument: -Xmx256m
Mar 27, 2025 7:30:55 PM org.apache.catalina.core.AprLifecycleListener lifecycleEvent
INFO: Loaded APR based Apache Tomcat Native library 1.2.12 using APR version 1.5.2.
Mar 27, 2025 7:30:55 PM org.apache.catalina.core.AprLifecycleListener lifecycleEvent
INFO: APR capabilities: IPv6 [true], sendfile [true], accept filters [false], random [true].
Mar 27, 2025 7:30:55 PM org.apache.catalina.core.AprLifecycleListener initializeSSL
INFO: OpenSSL successfully initialized (OpenSSL 1.0.2k  26 Jan 2017)
Mar 27, 2025 7:30:56 PM org.apache.coyote.AbstractProtocol init
INFO: Initializing ProtocolHandler ["http-apr-8080"]
Mar 27, 2025 7:30:56 PM org.apache.coyote.AbstractProtocol init
SEVERE: Failed to initialize end point associated with ProtocolHandler ["http-apr-8080"]
java.lang.Exception: Socket bind failed: [730048] Only one usage of each socket address (protocol/network address/port) is normally permitted.  
	at org.apache.tomcat.util.net.AprEndpoint.bind(AprEndpoint.java:481)
	at org.apache.tomcat.util.net.AbstractEndpoint.init(AbstractEndpoint.java:728)
	at org.apache.coyote.AbstractProtocol.init(AbstractProtocol.java:452)
	at org.apache.catalina.connector.Connector.initInternal(Connector.java:978)
	at org.apache.catalina.util.LifecycleBase.init(LifecycleBase.java:102)
	at org.apache.catalina.core.StandardService.initInternal(StandardService.java:560)
	at org.apache.catalina.util.LifecycleBase.init(LifecycleBase.java:102)
	at org.apache.catalina.core.StandardServer.initInternal(StandardServer.java:840)
	at org.apache.catalina.util.LifecycleBase.init(LifecycleBase.java:102)
	at org.apache.catalina.startup.Catalina.load(Catalina.java:643)
	at org.apache.catalina.startup.Catalina.load(Catalina.java:668)
	at sun.reflect.NativeMethodAccessorImpl.invoke0(Native Method)
	at sun.reflect.NativeMethodAccessorImpl.invoke(NativeMethodAccessorImpl.java:62)
	at sun.reflect.DelegatingMethodAccessorImpl.invoke(DelegatingMethodAccessorImpl.java:43)
	at java.lang.reflect.Method.invoke(Method.java:498)
	at org.apache.catalina.startup.Bootstrap.load(Bootstrap.java:253)
	at org.apache.catalina.startup.Bootstrap.main(Bootstrap.java:427)

Mar 27, 2025 7:30:56 PM org.apache.catalina.core.StandardService initInternal
SEVERE: Failed to initialize connector [Connector[HTTP/1.1-8080]]
org.apache.catalina.LifecycleException: Failed to initialize component [Connector[HTTP/1.1-8080]]
	at org.apache.catalina.util.LifecycleBase.init(LifecycleBase.java:107)
	at org.apache.catalina.core.StandardService.initInternal(StandardService.java:560)
	at org.apache.catalina.util.LifecycleBase.init(LifecycleBase.java:102)
	at org.apache.catalina.core.StandardServer.initInternal(StandardServer.java:840)
	at org.apache.catalina.util.LifecycleBase.init(LifecycleBase.java:102)
	at org.apache.catalina.startup.Catalina.load(Catalina.java:643)
	at org.apache.catalina.startup.Catalina.load(Catalina.java:668)
	at sun.reflect.NativeMethodAccessorImpl.invoke0(Native Method)
	at sun.reflect.NativeMethodAccessorImpl.invoke(NativeMethodAccessorImpl.java:62)
	at sun.reflect.DelegatingMethodAccessorImpl.invoke(DelegatingMethodAccessorImpl.java:43)
	at java.lang.reflect.Method.invoke(Method.java:498)
	at org.apache.catalina.startup.Bootstrap.load(Bootstrap.java:253)
	at org.apache.catalina.startup.Bootstrap.main(Bootstrap.java:427)
Caused by: org.apache.catalina.LifecycleException: Protocol handler initialization failed
	at org.apache.catalina.connector.Connector.initInternal(Connector.java:980)
	at org.apache.catalina.util.LifecycleBase.init(LifecycleBase.java:102)
	... 12 more
Caused by: java.lang.Exception: Socket bind failed: [730048] Only one usage of each socket address (protocol/network address/port) is normally permitted.  
	at org.apache.tomcat.util.net.AprEndpoint.bind(AprEndpoint.java:481)
	at org.apache.tomcat.util.net.AbstractEndpoint.init(AbstractEndpoint.java:728)
	at org.apache.coyote.AbstractProtocol.init(AbstractProtocol.java:452)
	at org.apache.catalina.connector.Connector.initInternal(Connector.java:978)
	... 13 more

Mar 27, 2025 7:30:56 PM org.apache.coyote.AbstractProtocol init
INFO: Initializing ProtocolHandler ["ajp-apr-8009"]
Mar 27, 2025 7:30:56 PM org.apache.coyote.AbstractProtocol init
SEVERE: Failed to initialize end point associated with ProtocolHandler ["ajp-apr-8009"]
java.lang.Exception: Socket bind failed: [730048] Only one usage of each socket address (protocol/network address/port) is normally permitted.  
	at org.apache.tomcat.util.net.AprEndpoint.bind(AprEndpoint.java:481)
	at org.apache.tomcat.util.net.AbstractEndpoint.init(AbstractEndpoint.java:728)
	at org.apache.coyote.AbstractProtocol.init(AbstractProtocol.java:452)
	at org.apache.catalina.connector.Connector.initInternal(Connector.java:978)
	at org.apache.catalina.util.LifecycleBase.init(LifecycleBase.java:102)
	at org.apache.catalina.core.StandardService.initInternal(StandardService.java:560)
	at org.apache.catalina.util.LifecycleBase.init(LifecycleBase.java:102)
	at org.apache.catalina.core.StandardServer.initInternal(StandardServer.java:840)
	at org.apache.catalina.util.LifecycleBase.init(LifecycleBase.java:102)
	at org.apache.catalina.startup.Catalina.load(Catalina.java:643)
	at org.apache.catalina.startup.Catalina.load(Catalina.java:668)
	at sun.reflect.NativeMethodAccessorImpl.invoke0(Native Method)
	at sun.reflect.NativeMethodAccessorImpl.invoke(NativeMethodAccessorImpl.java:62)
	at sun.reflect.DelegatingMethodAccessorImpl.invoke(DelegatingMethodAccessorImpl.java:43)
	at java.lang.reflect.Method.invoke(Method.java:498)
	at org.apache.catalina.startup.Bootstrap.load(Bootstrap.java:253)
	at org.apache.catalina.startup.Bootstrap.main(Bootstrap.java:427)

Mar 27, 2025 7:30:56 PM org.apache.catalina.core.StandardService initInternal
SEVERE: Failed to initialize connector [Connector[AJP/1.3-8009]]
org.apache.catalina.LifecycleException: Failed to initialize component [Connector[AJP/1.3-8009]]
	at org.apache.catalina.util.LifecycleBase.init(LifecycleBase.java:107)
	at org.apache.catalina.core.StandardService.initInternal(StandardService.java:560)
	at org.apache.catalina.util.LifecycleBase.init(LifecycleBase.java:102)
	at org.apache.catalina.core.StandardServer.initInternal(StandardServer.java:840)
	at org.apache.catalina.util.LifecycleBase.init(LifecycleBase.java:102)
	at org.apache.catalina.startup.Catalina.load(Catalina.java:643)
	at org.apache.catalina.startup.Catalina.load(Catalina.java:668)
	at sun.reflect.NativeMethodAccessorImpl.invoke0(Native Method)
	at sun.reflect.NativeMethodAccessorImpl.invoke(NativeMethodAccessorImpl.java:62)
	at sun.reflect.DelegatingMethodAccessorImpl.invoke(DelegatingMethodAccessorImpl.java:43)
	at java.lang.reflect.Method.invoke(Method.java:498)
	at org.apache.catalina.startup.Bootstrap.load(Bootstrap.java:253)
	at org.apache.catalina.startup.Bootstrap.main(Bootstrap.java:427)
Caused by: org.apache.catalina.LifecycleException: Protocol handler initialization failed
	at org.apache.catalina.connector.Connector.initInternal(Connector.java:980)
	at org.apache.catalina.util.LifecycleBase.init(LifecycleBase.java:102)
	... 12 more
Caused by: java.lang.Exception: Socket bind failed: [730048] Only one usage of each socket address (protocol/network address/port) is normally permitted.  
	at org.apache.tomcat.util.net.AprEndpoint.bind(AprEndpoint.java:481)
	at org.apache.tomcat.util.net.AbstractEndpoint.init(AbstractEndpoint.java:728)
	at org.apache.coyote.AbstractProtocol.init(AbstractProtocol.java:452)
	at org.apache.catalina.connector.Connector.initInternal(Connector.java:978)
	... 13 more

Mar 27, 2025 7:30:56 PM org.apache.catalina.startup.Catalina load
INFO: Initialization processed in 1675 ms
Mar 27, 2025 7:30:56 PM org.apache.catalina.core.StandardService startInternal
INFO: Starting service Catalina
Mar 27, 2025 7:30:56 PM org.apache.catalina.core.StandardEngine startInternal
INFO: Starting Servlet Engine: Apache Tomcat/7.0.81
Mar 27, 2025 7:30:56 PM org.apache.catalina.startup.HostConfig deployDirectory
INFO: Deploying web application directory C:\Users\LENOVO\Downloads\SC3010 Presentation\apache-tomcat-7.0.81-windows-x64\apache-tomcat-7.0.81\webapps\docs
Mar 27, 2025 7:30:57 PM org.apache.catalina.util.SessionIdGeneratorBase createSecureRandom
WARNING: Creation of SecureRandom instance for session ID generation using [SHA1PRNG] took [379] milliseconds.
Mar 27, 2025 7:30:57 PM org.apache.catalina.startup.HostConfig deployDirectory
INFO: Deployment of web application directory C:\Users\LENOVO\Downloads\SC3010 Presentation\apache-tomcat-7.0.81-windows-x64\apache-tomcat-7.0.81\webapps\docs has finished in 647 ms
Mar 27, 2025 7:30:57 PM org.apache.catalina.startup.HostConfig deployDirectory
INFO: Deploying web application directory C:\Users\LENOVO\Downloads\SC3010 Presentation\apache-tomcat-7.0.81-windows-x64\apache-tomcat-7.0.81\webapps\examples
Mar 27, 2025 7:30:57 PM org.apache.catalina.startup.HostConfig deployDirectory
INFO: Deployment of web application directory C:\Users\LENOVO\Downloads\SC3010 Presentation\apache-tomcat-7.0.81-windows-x64\apache-tomcat-7.0.81\webapps\examples has finished in 287 ms
Mar 27, 2025 7:30:57 PM org.apache.catalina.startup.HostConfig deployDirectory
INFO: Deploying web application directory C:\Users\LENOVO\Downloads\SC3010 Presentation\apache-tomcat-7.0.81-windows-x64\apache-tomcat-7.0.81\webapps\host-manager
Mar 27, 2025 7:30:57 PM org.apache.catalina.startup.HostConfig deployDirectory
INFO: Deployment of web application directory C:\Users\LENOVO\Downloads\SC3010 Presentation\apache-tomcat-7.0.81-windows-x64\apache-tomcat-7.0.81\webapps\host-manager has finished in 54 ms
Mar 27, 2025 7:30:57 PM org.apache.catalina.startup.HostConfig deployDirectory
INFO: Deploying web application directory C:\Users\LENOVO\Downloads\SC3010 Presentation\apache-tomcat-7.0.81-windows-x64\apache-tomcat-7.0.81\webapps\manager
Mar 27, 2025 7:30:57 PM org.apache.catalina.startup.HostConfig deployDirectory
INFO: Deployment of web application directory C:\Users\LENOVO\Downloads\SC3010 Presentation\apache-tomcat-7.0.81-windows-x64\apache-tomcat-7.0.81\webapps\manager has finished in 56 ms
Mar 27, 2025 7:30:57 PM org.apache.catalina.startup.HostConfig deployDirectory
INFO: Deploying web application directory C:\Users\LENOVO\Downloads\SC3010 Presentation\apache-tomcat-7.0.81-windows-x64\apache-tomcat-7.0.81\webapps\ROOT
Mar 27, 2025 7:30:57 PM org.apache.catalina.startup.HostConfig deployDirectory
INFO: Deployment of web application directory C:\Users\LENOVO\Downloads\SC3010 Presentation\apache-tomcat-7.0.81-windows-x64\apache-tomcat-7.0.81\webapps\ROOT has finished in 30 ms
Mar 27, 2025 7:30:57 PM org.apache.catalina.startup.Catalina start
INFO: Server startup in 1167 ms
Mar 27, 2025 7:30:57 PM org.apache.catalina.core.StandardServer await
SEVERE: StandardServer.await: create[localhost:8005]: 
java.net.BindException: Address already in use: JVM_Bind
	at java.net.DualStackPlainSocketImpl.bind0(Native Method)
	at java.net.DualStackPlainSocketImpl.socketBind(DualStackPlainSocketImpl.java:106)
	at java.net.AbstractPlainSocketImpl.bind(AbstractPlainSocketImpl.java:387)
	at java.net.PlainSocketImpl.bind(PlainSocketImpl.java:190)
	at java.net.ServerSocket.bind(ServerSocket.java:390)
	at java.net.ServerSocket.<init>(ServerSocket.java:252)
	at org.apache.catalina.core.StandardServer.await(StandardServer.java:444)
	at org.apache.catalina.startup.Catalina.await(Catalina.java:782)
	at org.apache.catalina.startup.Catalina.start(Catalina.java:728)
	at sun.reflect.NativeMethodAccessorImpl.invoke0(Native Method)
	at sun.reflect.NativeMethodAccessorImpl.invoke(NativeMethodAccessorImpl.java:62)
	at sun.reflect.DelegatingMethodAccessorImpl.invoke(DelegatingMethodAccessorImpl.java:43)
	at java.lang.reflect.Method.invoke(Method.java:498)
	at org.apache.catalina.startup.Bootstrap.start(Bootstrap.java:294)
	at org.apache.catalina.startup.Bootstrap.main(Bootstrap.java:428)

Mar 27, 2025 7:30:57 PM org.apache.coyote.AbstractProtocol pause
INFO: Pausing ProtocolHandler ["http-apr-8080"]
Mar 27, 2025 7:30:57 PM org.apache.coyote.AbstractProtocol pause
INFO: Pausing ProtocolHandler ["ajp-apr-8009"]
Mar 27, 2025 7:30:57 PM org.apache.catalina.core.StandardService stopInternal
INFO: Stopping service Catalina
Mar 27, 2025 7:30:57 PM org.apache.coyote.AbstractProtocol stop
INFO: Stopping ProtocolHandler ["http-apr-8080"]
Mar 27, 2025 7:30:57 PM org.apache.coyote.AbstractProtocol destroy
INFO: Destroying ProtocolHandler ["http-apr-8080"]
Mar 27, 2025 7:30:57 PM org.apache.coyote.AbstractProtocol stop
INFO: Stopping ProtocolHandler ["ajp-apr-8009"]
Mar 27, 2025 7:30:57 PM org.apache.coyote.AbstractProtocol destroy
INFO: Destroying ProtocolHandler ["ajp-apr-8009"]
Mar 27, 2025 7:32:18 PM org.apache.catalina.core.StandardServer await
INFO: A valid shutdown command was received via the shutdown port. Stopping the Server instance.
Mar 27, 2025 7:32:18 PM org.apache.coyote.AbstractProtocol pause
INFO: Pausing ProtocolHandler ["http-apr-8080"]
Mar 27, 2025 7:32:18 PM org.apache.coyote.AbstractProtocol pause
INFO: Pausing ProtocolHandler ["ajp-apr-8009"]
Mar 27, 2025 7:32:18 PM org.apache.catalina.core.StandardService stopInternal
INFO: Stopping service Catalina
Mar 27, 2025 7:32:18 PM org.apache.coyote.AbstractProtocol stop
INFO: Stopping ProtocolHandler ["http-apr-8080"]
Mar 27, 2025 7:32:18 PM org.apache.coyote.AbstractProtocol stop
INFO: Stopping ProtocolHandler ["ajp-apr-8009"]
Mar 27, 2025 7:32:18 PM org.apache.coyote.AbstractProtocol destroy
INFO: Destroying ProtocolHandler ["http-apr-8080"]
Mar 27, 2025 7:32:18 PM org.apache.coyote.AbstractProtocol destroy
INFO: Destroying ProtocolHandler ["ajp-apr-8009"]
Mar 27, 2025 7:32:26 PM org.apache.catalina.startup.VersionLoggerListener log
INFO: Server version:        Apache Tomcat/7.0.81
Mar 27, 2025 7:32:26 PM org.apache.catalina.startup.VersionLoggerListener log
INFO: Server built:          Aug 11 2017 10:21:27 UTC
Mar 27, 2025 7:32:26 PM org.apache.catalina.startup.VersionLoggerListener log
INFO: Server number:         7.0.81.0
Mar 27, 2025 7:32:26 PM org.apache.catalina.startup.VersionLoggerListener log
INFO: OS Name:               Windows 10
Mar 27, 2025 7:32:26 PM org.apache.catalina.startup.VersionLoggerListener log
INFO: OS Version:            10.0
Mar 27, 2025 7:32:26 PM org.apache.catalina.startup.VersionLoggerListener log
INFO: Architecture:          amd64
Mar 27, 2025 7:32:26 PM org.apache.catalina.startup.VersionLoggerListener log
INFO: Java Home:             C:\Program Files\Eclipse Adoptium\jdk-8.0.442.6-hotspot\jre
Mar 27, 2025 7:32:26 PM org.apache.catalina.startup.VersionLoggerListener log
INFO: JVM Version:           1.8.0_442-b06
Mar 27, 2025 7:32:26 PM org.apache.catalina.startup.VersionLoggerListener log
INFO: JVM Vendor:            Temurin
Mar 27, 2025 7:32:26 PM org.apache.catalina.startup.VersionLoggerListener log
INFO: CATALINA_BASE:         C:\Users\LENOVO\Downloads\SC3010 Presentation\apache-tomcat-7.0.81-windows-x64\apache-tomcat-7.0.81
Mar 27, 2025 7:32:26 PM org.apache.catalina.startup.VersionLoggerListener log
INFO: CATALINA_HOME:         C:\Users\LENOVO\Downloads\SC3010 Presentation\apache-tomcat-7.0.81-windows-x64\apache-tomcat-7.0.81
Mar 27, 2025 7:32:26 PM org.apache.catalina.startup.VersionLoggerListener log
INFO: Command line argument: -Djava.util.logging.config.file=C:\Users\LENOVO\Downloads\SC3010 Presentation\apache-tomcat-7.0.81-windows-x64\apache-tomcat-7.0.81\conf\logging.properties
Mar 27, 2025 7:32:26 PM org.apache.catalina.startup.VersionLoggerListener log
INFO: Command line argument: -Djava.util.logging.manager=org.apache.juli.ClassLoaderLogManager
Mar 27, 2025 7:32:26 PM org.apache.catalina.startup.VersionLoggerListener log
INFO: Command line argument: -Djdk.tls.ephemeralDHKeySize=2048
Mar 27, 2025 7:32:26 PM org.apache.catalina.startup.VersionLoggerListener log
INFO: Command line argument: -Djava.endorsed.dirs=C:\Users\LENOVO\Downloads\SC3010 Presentation\apache-tomcat-7.0.81-windows-x64\apache-tomcat-7.0.81\endorsed
Mar 27, 2025 7:32:26 PM org.apache.catalina.startup.VersionLoggerListener log
INFO: Command line argument: -Dcatalina.base=C:\Users\LENOVO\Downloads\SC3010 Presentation\apache-tomcat-7.0.81-windows-x64\apache-tomcat-7.0.81
Mar 27, 2025 7:32:26 PM org.apache.catalina.startup.VersionLoggerListener log
INFO: Command line argument: -Dcatalina.home=C:\Users\LENOVO\Downloads\SC3010 Presentation\apache-tomcat-7.0.81-windows-x64\apache-tomcat-7.0.81
Mar 27, 2025 7:32:26 PM org.apache.catalina.startup.VersionLoggerListener log
INFO: Command line argument: -Djava.io.tmpdir=C:\Users\LENOVO\Downloads\SC3010 Presentation\apache-tomcat-7.0.81-windows-x64\apache-tomcat-7.0.81\temp
Mar 27, 2025 7:32:26 PM org.apache.catalina.core.AprLifecycleListener lifecycleEvent
INFO: Loaded APR based Apache Tomcat Native library 1.2.12 using APR version 1.5.2.
Mar 27, 2025 7:32:26 PM org.apache.catalina.core.AprLifecycleListener lifecycleEvent
INFO: APR capabilities: IPv6 [true], sendfile [true], accept filters [false], random [true].
Mar 27, 2025 7:32:26 PM org.apache.catalina.core.AprLifecycleListener initializeSSL
INFO: OpenSSL successfully initialized (OpenSSL 1.0.2k  26 Jan 2017)
Mar 27, 2025 7:32:26 PM org.apache.coyote.AbstractProtocol init
INFO: Initializing ProtocolHandler ["http-apr-8080"]
Mar 27, 2025 7:32:26 PM org.apache.coyote.AbstractProtocol init
INFO: Initializing ProtocolHandler ["ajp-apr-8009"]
Mar 27, 2025 7:32:26 PM org.apache.catalina.startup.Catalina load
INFO: Initialization processed in 830 ms
Mar 27, 2025 7:32:27 PM org.apache.catalina.core.StandardService startInternal
INFO: Starting service Catalina
Mar 27, 2025 7:32:27 PM org.apache.catalina.core.StandardEngine startInternal
INFO: Starting Servlet Engine: Apache Tomcat/7.0.81
Mar 27, 2025 7:32:27 PM org.apache.catalina.startup.HostConfig deployDirectory
INFO: Deploying web application directory C:\Users\LENOVO\Downloads\SC3010 Presentation\apache-tomcat-7.0.81-windows-x64\apache-tomcat-7.0.81\webapps\docs
Mar 27, 2025 7:32:27 PM org.apache.catalina.util.SessionIdGeneratorBase createSecureRandom
WARNING: Creation of SecureRandom instance for session ID generation using [SHA1PRNG] took [384] milliseconds.
Mar 27, 2025 7:32:27 PM org.apache.catalina.startup.HostConfig deployDirectory
INFO: Deployment of web application directory C:\Users\LENOVO\Downloads\SC3010 Presentation\apache-tomcat-7.0.81-windows-x64\apache-tomcat-7.0.81\webapps\docs has finished in 675 ms
Mar 27, 2025 7:32:27 PM org.apache.catalina.startup.HostConfig deployDirectory
INFO: Deploying web application directory C:\Users\LENOVO\Downloads\SC3010 Presentation\apache-tomcat-7.0.81-windows-x64\apache-tomcat-7.0.81\webapps\examples
Mar 27, 2025 7:32:28 PM org.apache.catalina.startup.HostConfig deployDirectory
INFO: Deployment of web application directory C:\Users\LENOVO\Downloads\SC3010 Presentation\apache-tomcat-7.0.81-windows-x64\apache-tomcat-7.0.81\webapps\examples has finished in 310 ms
Mar 27, 2025 7:32:28 PM org.apache.catalina.startup.HostConfig deployDirectory
INFO: Deploying web application directory C:\Users\LENOVO\Downloads\SC3010 Presentation\apache-tomcat-7.0.81-windows-x64\apache-tomcat-7.0.81\webapps\host-manager
Mar 27, 2025 7:32:28 PM org.apache.catalina.startup.HostConfig deployDirectory
INFO: Deployment of web application directory C:\Users\LENOVO\Downloads\SC3010 Presentation\apache-tomcat-7.0.81-windows-x64\apache-tomcat-7.0.81\webapps\host-manager has finished in 84 ms
Mar 27, 2025 7:32:28 PM org.apache.catalina.startup.HostConfig deployDirectory
INFO: Deploying web application directory C:\Users\LENOVO\Downloads\SC3010 Presentation\apache-tomcat-7.0.81-windows-x64\apache-tomcat-7.0.81\webapps\manager
Mar 27, 2025 7:32:28 PM org.apache.catalina.startup.HostConfig deployDirectory
INFO: Deployment of web application directory C:\Users\LENOVO\Downloads\SC3010 Presentation\apache-tomcat-7.0.81-windows-x64\apache-tomcat-7.0.81\webapps\manager has finished in 69 ms
Mar 27, 2025 7:32:28 PM org.apache.catalina.startup.HostConfig deployDirectory
INFO: Deploying web application directory C:\Users\LENOVO\Downloads\SC3010 Presentation\apache-tomcat-7.0.81-windows-x64\apache-tomcat-7.0.81\webapps\ROOT
Mar 27, 2025 7:32:28 PM org.apache.catalina.startup.HostConfig deployDirectory
INFO: Deployment of web application directory C:\Users\LENOVO\Downloads\SC3010 Presentation\apache-tomcat-7.0.81-windows-x64\apache-tomcat-7.0.81\webapps\ROOT has finished in 42 ms
Mar 27, 2025 7:32:28 PM org.apache.coyote.AbstractProtocol start
INFO: Starting ProtocolHandler ["http-apr-8080"]
Mar 27, 2025 7:32:28 PM org.apache.coyote.AbstractProtocol start
INFO: Starting ProtocolHandler ["ajp-apr-8009"]
Mar 27, 2025 7:32:28 PM org.apache.catalina.startup.Catalina start
INFO: Server startup in 1307 ms
Mar 27, 2025 7:34:44 PM org.apache.catalina.core.StandardServer await
INFO: A valid shutdown command was received via the shutdown port. Stopping the Server instance.
Mar 27, 2025 7:34:44 PM org.apache.coyote.AbstractProtocol pause
INFO: Pausing ProtocolHandler ["http-apr-8080"]
Mar 27, 2025 7:34:44 PM org.apache.coyote.AbstractProtocol pause
INFO: Pausing ProtocolHandler ["ajp-apr-8009"]
Mar 27, 2025 7:34:44 PM org.apache.catalina.core.StandardService stopInternal
INFO: Stopping service Catalina
Mar 27, 2025 7:34:44 PM org.apache.coyote.AbstractProtocol stop
INFO: Stopping ProtocolHandler ["http-apr-8080"]
Mar 27, 2025 7:34:44 PM org.apache.coyote.AbstractProtocol stop
INFO: Stopping ProtocolHandler ["ajp-apr-8009"]
Mar 27, 2025 7:34:44 PM org.apache.coyote.AbstractProtocol destroy
INFO: Destroying ProtocolHandler ["http-apr-8080"]
Mar 27, 2025 7:34:44 PM org.apache.coyote.AbstractProtocol destroy
INFO: Destroying ProtocolHandler ["ajp-apr-8009"]
Mar 27, 2025 7:36:19 PM org.apache.catalina.startup.VersionLoggerListener log
INFO: Server version:        Apache Tomcat/7.0.81
Mar 27, 2025 7:36:19 PM org.apache.catalina.startup.VersionLoggerListener log
INFO: Server built:          Aug 11 2017 10:21:27 UTC
Mar 27, 2025 7:36:19 PM org.apache.catalina.startup.VersionLoggerListener log
INFO: Server number:         7.0.81.0
Mar 27, 2025 7:36:19 PM org.apache.catalina.startup.VersionLoggerListener log
INFO: OS Name:               Windows 10
Mar 27, 2025 7:36:19 PM org.apache.catalina.startup.VersionLoggerListener log
INFO: OS Version:            10.0
Mar 27, 2025 7:36:19 PM org.apache.catalina.startup.VersionLoggerListener log
INFO: Architecture:          amd64
Mar 27, 2025 7:36:19 PM org.apache.catalina.startup.VersionLoggerListener log
INFO: Java Home:             C:\Program Files\Eclipse Adoptium\jdk-8.0.442.6-hotspot\jre
Mar 27, 2025 7:36:19 PM org.apache.catalina.startup.VersionLoggerListener log
INFO: JVM Version:           1.8.0_442-b06
Mar 27, 2025 7:36:19 PM org.apache.catalina.startup.VersionLoggerListener log
INFO: JVM Vendor:            Temurin
Mar 27, 2025 7:36:19 PM org.apache.catalina.startup.VersionLoggerListener log
INFO: CATALINA_BASE:         C:\Users\LENOVO\Downloads\SC3010 Presentation\apache-tomcat-7.0.81-windows-x64\apache-tomcat-7.0.81
Mar 27, 2025 7:36:19 PM org.apache.catalina.startup.VersionLoggerListener log
INFO: CATALINA_HOME:         C:\Users\LENOVO\Downloads\SC3010 Presentation\apache-tomcat-7.0.81-windows-x64\apache-tomcat-7.0.81
Mar 27, 2025 7:36:19 PM org.apache.catalina.startup.VersionLoggerListener log
INFO: Command line argument: -Djava.util.logging.config.file=C:\Users\LENOVO\Downloads\SC3010 Presentation\apache-tomcat-7.0.81-windows-x64\apache-tomcat-7.0.81\conf\logging.properties
Mar 27, 2025 7:36:19 PM org.apache.catalina.startup.VersionLoggerListener log
INFO: Command line argument: -Djava.util.logging.manager=org.apache.juli.ClassLoaderLogManager
Mar 27, 2025 7:36:19 PM org.apache.catalina.startup.VersionLoggerListener log
INFO: Command line argument: -Djdk.tls.ephemeralDHKeySize=2048
Mar 27, 2025 7:36:19 PM org.apache.catalina.startup.VersionLoggerListener log
INFO: Command line argument: -Djava.endorsed.dirs=C:\Users\LENOVO\Downloads\SC3010 Presentation\apache-tomcat-7.0.81-windows-x64\apache-tomcat-7.0.81\endorsed
Mar 27, 2025 7:36:19 PM org.apache.catalina.startup.VersionLoggerListener log
INFO: Command line argument: -Dcatalina.base=C:\Users\LENOVO\Downloads\SC3010 Presentation\apache-tomcat-7.0.81-windows-x64\apache-tomcat-7.0.81
Mar 27, 2025 7:36:19 PM org.apache.catalina.startup.VersionLoggerListener log
INFO: Command line argument: -Dcatalina.home=C:\Users\LENOVO\Downloads\SC3010 Presentation\apache-tomcat-7.0.81-windows-x64\apache-tomcat-7.0.81
Mar 27, 2025 7:36:19 PM org.apache.catalina.startup.VersionLoggerListener log
INFO: Command line argument: -Djava.io.tmpdir=C:\Users\LENOVO\Downloads\SC3010 Presentation\apache-tomcat-7.0.81-windows-x64\apache-tomcat-7.0.81\temp
Mar 27, 2025 7:36:19 PM org.apache.catalina.core.AprLifecycleListener lifecycleEvent
INFO: Loaded APR based Apache Tomcat Native library 1.2.12 using APR version 1.5.2.
Mar 27, 2025 7:36:19 PM org.apache.catalina.core.AprLifecycleListener lifecycleEvent
INFO: APR capabilities: IPv6 [true], sendfile [true], accept filters [false], random [true].
Mar 27, 2025 7:36:20 PM org.apache.catalina.core.AprLifecycleListener initializeSSL
INFO: OpenSSL successfully initialized (OpenSSL 1.0.2k  26 Jan 2017)
Mar 27, 2025 7:36:20 PM org.apache.coyote.AbstractProtocol init
INFO: Initializing ProtocolHandler ["http-apr-8080"]
Mar 27, 2025 7:36:20 PM org.apache.coyote.AbstractProtocol init
INFO: Initializing ProtocolHandler ["ajp-apr-8009"]
Mar 27, 2025 7:36:20 PM org.apache.catalina.startup.Catalina load
INFO: Initialization processed in 815 ms
Mar 27, 2025 7:36:20 PM org.apache.catalina.core.StandardService startInternal
INFO: Starting service Catalina
Mar 27, 2025 7:36:20 PM org.apache.catalina.core.StandardEngine startInternal
INFO: Starting Servlet Engine: Apache Tomcat/7.0.81
Mar 27, 2025 7:36:20 PM org.apache.catalina.startup.HostConfig deployWAR
INFO: Deploying web application archive C:\Users\LENOVO\Downloads\SC3010 Presentation\apache-tomcat-7.0.81-windows-x64\apache-tomcat-7.0.81\webapps\str.war
Mar 27, 2025 7:36:23 PM org.apache.catalina.startup.TldConfig execute
INFO: At least one JAR was scanned for TLDs yet contained no TLDs. Enable debug logging for this logger for a complete list of JARs that were scanned but no TLDs were found in them. Skipping unneeded JARs during scanning can improve startup time and JSP compilation time.
Mar 27, 2025 7:36:23 PM org.apache.catalina.core.StandardContext addApplicationListener
INFO: The listener "org.apache.myfaces.webapp.StartupServletContextListener" is already configured for this context. The duplicate definition has been ignored.
Mar 27, 2025 7:36:30 PM org.apache.catalina.util.SessionIdGeneratorBase createSecureRandom
WARNING: Creation of SecureRandom instance for session ID generation using [SHA1PRNG] took [411] milliseconds.
Mar 27, 2025 7:36:31 PM org.apache.catalina.startup.HostConfig deployWAR
INFO: Deployment of web application archive C:\Users\LENOVO\Downloads\SC3010 Presentation\apache-tomcat-7.0.81-windows-x64\apache-tomcat-7.0.81\webapps\str.war has finished in 11,030 ms
Mar 27, 2025 7:36:31 PM org.apache.catalina.startup.HostConfig deployDirectory
INFO: Deploying web application directory C:\Users\LENOVO\Downloads\SC3010 Presentation\apache-tomcat-7.0.81-windows-x64\apache-tomcat-7.0.81\webapps\docs
Mar 27, 2025 7:36:31 PM org.apache.catalina.startup.HostConfig deployDirectory
INFO: Deployment of web application directory C:\Users\LENOVO\Downloads\SC3010 Presentation\apache-tomcat-7.0.81-windows-x64\apache-tomcat-7.0.81\webapps\docs has finished in 56 ms
Mar 27, 2025 7:36:31 PM org.apache.catalina.startup.HostConfig deployDirectory
INFO: Deploying web application directory C:\Users\LENOVO\Downloads\SC3010 Presentation\apache-tomcat-7.0.81-windows-x64\apache-tomcat-7.0.81\webapps\examples
Mar 27, 2025 7:36:31 PM org.apache.catalina.startup.HostConfig deployDirectory
INFO: Deployment of web application directory C:\Users\LENOVO\Downloads\SC3010 Presentation\apache-tomcat-7.0.81-windows-x64\apache-tomcat-7.0.81\webapps\examples has finished in 267 ms
Mar 27, 2025 7:36:31 PM org.apache.catalina.startup.HostConfig deployDirectory
INFO: Deploying web application directory C:\Users\LENOVO\Downloads\SC3010 Presentation\apache-tomcat-7.0.81-windows-x64\apache-tomcat-7.0.81\webapps\host-manager
Mar 27, 2025 7:36:31 PM org.apache.catalina.startup.HostConfig deployDirectory
INFO: Deployment of web application directory C:\Users\LENOVO\Downloads\SC3010 Presentation\apache-tomcat-7.0.81-windows-x64\apache-tomcat-7.0.81\webapps\host-manager has finished in 71 ms
Mar 27, 2025 7:36:31 PM org.apache.catalina.startup.HostConfig deployDirectory
INFO: Deploying web application directory C:\Users\LENOVO\Downloads\SC3010 Presentation\apache-tomcat-7.0.81-windows-x64\apache-tomcat-7.0.81\webapps\manager
Mar 27, 2025 7:36:31 PM org.apache.catalina.startup.HostConfig deployDirectory
INFO: Deployment of web application directory C:\Users\LENOVO\Downloads\SC3010 Presentation\apache-tomcat-7.0.81-windows-x64\apache-tomcat-7.0.81\webapps\manager has finished in 66 ms
Mar 27, 2025 7:36:31 PM org.apache.catalina.startup.HostConfig deployDirectory
INFO: Deploying web application directory C:\Users\LENOVO\Downloads\SC3010 Presentation\apache-tomcat-7.0.81-windows-x64\apache-tomcat-7.0.81\webapps\ROOT
Mar 27, 2025 7:36:31 PM org.apache.catalina.startup.HostConfig deployDirectory
INFO: Deployment of web application directory C:\Users\LENOVO\Downloads\SC3010 Presentation\apache-tomcat-7.0.81-windows-x64\apache-tomcat-7.0.81\webapps\ROOT has finished in 61 ms
Mar 27, 2025 7:36:31 PM org.apache.coyote.AbstractProtocol start
INFO: Starting ProtocolHandler ["http-apr-8080"]
Mar 27, 2025 7:36:31 PM org.apache.coyote.AbstractProtocol start
INFO: Starting ProtocolHandler ["ajp-apr-8009"]
Mar 27, 2025 7:36:31 PM org.apache.catalina.startup.Catalina start
INFO: Server startup in 11692 ms
Mar 27, 2025 7:36:42 PM org.apache.jasper.compiler.TldLocationsCache tldScanJar
INFO: At least one JAR was scanned for TLDs yet contained no TLDs. Enable debug logging for this logger for a complete list of JARs that were scanned but no TLDs were found in them. Skipping unneeded JARs during scanning can improve startup time and JSP compilation time.
Mar 27, 2025 7:50:22 PM org.apache.catalina.core.StandardServer await
INFO: A valid shutdown command was received via the shutdown port. Stopping the Server instance.
Mar 27, 2025 7:50:22 PM org.apache.coyote.AbstractProtocol pause
INFO: Pausing ProtocolHandler ["http-apr-8080"]
Mar 27, 2025 7:50:22 PM org.apache.coyote.AbstractProtocol pause
INFO: Pausing ProtocolHandler ["ajp-apr-8009"]
Mar 27, 2025 7:50:22 PM org.apache.catalina.core.StandardService stopInternal
INFO: Stopping service Catalina
Mar 27, 2025 7:50:22 PM org.apache.catalina.loader.WebappClassLoaderBase checkThreadLocalMapForLeaks
SEVERE: The web application [/str] created a ThreadLocal with key of type [java.lang.ThreadLocal] (value [java.lang.ThreadLocal@47b2aa44]) and a value of type [com.opensymphony.xwork2.inject.ContainerImpl] (value [com.opensymphony.xwork2.inject.ContainerImpl@12a7006c]) but failed to remove it when the web application was stopped. Threads are going to be renewed over time to try and avoid a probable memory leak.
Mar 27, 2025 7:50:22 PM org.apache.catalina.loader.WebappClassLoaderBase checkThreadLocalMapForLeaks
SEVERE: The web application [/str] created a ThreadLocal with key of type [java.lang.ThreadLocal] (value [java.lang.ThreadLocal@47b2aa44]) and a value of type [com.opensymphony.xwork2.inject.ContainerImpl] (value [com.opensymphony.xwork2.inject.ContainerImpl@12a7006c]) but failed to remove it when the web application was stopped. Threads are going to be renewed over time to try and avoid a probable memory leak.
Mar 27, 2025 7:50:22 PM org.apache.catalina.loader.WebappClassLoaderBase checkThreadLocalMapForLeaks
SEVERE: The web application [/str] created a ThreadLocal with key of type [java.lang.ThreadLocal] (value [java.lang.ThreadLocal@47b2aa44]) and a value of type [com.opensymphony.xwork2.inject.ContainerImpl] (value [com.opensymphony.xwork2.inject.ContainerImpl@12a7006c]) but failed to remove it when the web application was stopped. Threads are going to be renewed over time to try and avoid a probable memory leak.
Mar 27, 2025 7:50:22 PM org.apache.catalina.loader.WebappClassLoaderBase checkThreadLocalMapForLeaks
SEVERE: The web application [/str] created a ThreadLocal with key of type [java.lang.ThreadLocal] (value [java.lang.ThreadLocal@47b2aa44]) and a value of type [com.opensymphony.xwork2.inject.ContainerImpl] (value [com.opensymphony.xwork2.inject.ContainerImpl@12a7006c]) but failed to remove it when the web application was stopped. Threads are going to be renewed over time to try and avoid a probable memory leak.
Mar 27, 2025 7:50:22 PM org.apache.catalina.loader.WebappClassLoaderBase checkThreadLocalMapForLeaks
SEVERE: The web application [/str] created a ThreadLocal with key of type [java.lang.ThreadLocal] (value [java.lang.ThreadLocal@47b2aa44]) and a value of type [com.opensymphony.xwork2.inject.ContainerImpl] (value [com.opensymphony.xwork2.inject.ContainerImpl@12a7006c]) but failed to remove it when the web application was stopped. Threads are going to be renewed over time to try and avoid a probable memory leak.
Mar 27, 2025 7:50:22 PM org.apache.catalina.loader.WebappClassLoaderBase checkThreadLocalMapForLeaks
SEVERE: The web application [/str] created a ThreadLocal with key of type [java.lang.ThreadLocal] (value [java.lang.ThreadLocal@47b2aa44]) and a value of type [com.opensymphony.xwork2.inject.ContainerImpl] (value [com.opensymphony.xwork2.inject.ContainerImpl@12a7006c]) but failed to remove it when the web application was stopped. Threads are going to be renewed over time to try and avoid a probable memory leak.
Mar 27, 2025 7:50:22 PM org.apache.catalina.loader.WebappClassLoaderBase checkThreadLocalMapForLeaks
SEVERE: The web application [/str] created a ThreadLocal with key of type [java.lang.ThreadLocal] (value [java.lang.ThreadLocal@47b2aa44]) and a value of type [com.opensymphony.xwork2.inject.ContainerImpl] (value [com.opensymphony.xwork2.inject.ContainerImpl@12a7006c]) but failed to remove it when the web application was stopped. Threads are going to be renewed over time to try and avoid a probable memory leak.
Mar 27, 2025 7:50:22 PM org.apache.catalina.loader.WebappClassLoaderBase checkThreadLocalMapForLeaks
SEVERE: The web application [/str] created a ThreadLocal with key of type [java.lang.ThreadLocal] (value [java.lang.ThreadLocal@47b2aa44]) and a value of type [com.opensymphony.xwork2.inject.ContainerImpl] (value [com.opensymphony.xwork2.inject.ContainerImpl@12a7006c]) but failed to remove it when the web application was stopped. Threads are going to be renewed over time to try and avoid a probable memory leak.
Mar 27, 2025 7:50:22 PM org.apache.catalina.loader.WebappClassLoaderBase checkThreadLocalMapForLeaks
SEVERE: The web application [/str] created a ThreadLocal with key of type [java.lang.ThreadLocal] (value [java.lang.ThreadLocal@47b2aa44]) and a value of type [com.opensymphony.xwork2.inject.ContainerImpl] (value [com.opensymphony.xwork2.inject.ContainerImpl@12a7006c]) but failed to remove it when the web application was stopped. Threads are going to be renewed over time to try and avoid a probable memory leak.
Mar 27, 2025 7:50:22 PM org.apache.catalina.loader.WebappClassLoaderBase checkThreadLocalMapForLeaks
SEVERE: The web application [/str] created a ThreadLocal with key of type [java.lang.ThreadLocal] (value [java.lang.ThreadLocal@47b2aa44]) and a value of type [com.opensymphony.xwork2.inject.ContainerImpl] (value [com.opensymphony.xwork2.inject.ContainerImpl@12a7006c]) but failed to remove it when the web application was stopped. Threads are going to be renewed over time to try and avoid a probable memory leak.
Mar 27, 2025 7:50:22 PM org.apache.catalina.loader.WebappClassLoaderBase checkThreadLocalMapForLeaks
SEVERE: The web application [/str] created a ThreadLocal with key of type [java.lang.ThreadLocal] (value [java.lang.ThreadLocal@47b2aa44]) and a value of type [com.opensymphony.xwork2.inject.ContainerImpl] (value [com.opensymphony.xwork2.inject.ContainerImpl@12a7006c]) but failed to remove it when the web application was stopped. Threads are going to be renewed over time to try and avoid a probable memory leak.
Mar 27, 2025 7:50:22 PM org.apache.coyote.AbstractProtocol stop
INFO: Stopping ProtocolHandler ["http-apr-8080"]
Mar 27, 2025 7:50:22 PM org.apache.coyote.AbstractProtocol stop
INFO: Stopping ProtocolHandler ["ajp-apr-8009"]
Mar 27, 2025 7:50:22 PM org.apache.coyote.AbstractProtocol destroy
INFO: Destroying ProtocolHandler ["http-apr-8080"]
Mar 27, 2025 7:50:22 PM org.apache.coyote.AbstractProtocol destroy
INFO: Destroying ProtocolHandler ["ajp-apr-8009"]
Mar 27, 2025 7:50:29 PM org.apache.catalina.startup.VersionLoggerListener log
INFO: Server version:        Apache Tomcat/7.0.81
Mar 27, 2025 7:50:29 PM org.apache.catalina.startup.VersionLoggerListener log
INFO: Server built:          Aug 11 2017 10:21:27 UTC
Mar 27, 2025 7:50:29 PM org.apache.catalina.startup.VersionLoggerListener log
INFO: Server number:         7.0.81.0
Mar 27, 2025 7:50:29 PM org.apache.catalina.startup.VersionLoggerListener log
INFO: OS Name:               Windows 10
Mar 27, 2025 7:50:29 PM org.apache.catalina.startup.VersionLoggerListener log
INFO: OS Version:            10.0
Mar 27, 2025 7:50:29 PM org.apache.catalina.startup.VersionLoggerListener log
INFO: Architecture:          amd64
Mar 27, 2025 7:50:29 PM org.apache.catalina.startup.VersionLoggerListener log
INFO: Java Home:             C:\Program Files\Eclipse Adoptium\jdk-8.0.442.6-hotspot\jre
Mar 27, 2025 7:50:29 PM org.apache.catalina.startup.VersionLoggerListener log
INFO: JVM Version:           1.8.0_442-b06
Mar 27, 2025 7:50:29 PM org.apache.catalina.startup.VersionLoggerListener log
INFO: JVM Vendor:            Temurin
Mar 27, 2025 7:50:29 PM org.apache.catalina.startup.VersionLoggerListener log
INFO: CATALINA_BASE:         C:\Users\LENOVO\Downloads\SC3010 Presentation\apache-tomcat-7.0.81-windows-x64\apache-tomcat-7.0.81
Mar 27, 2025 7:50:29 PM org.apache.catalina.startup.VersionLoggerListener log
INFO: CATALINA_HOME:         C:\Users\LENOVO\Downloads\SC3010 Presentation\apache-tomcat-7.0.81-windows-x64\apache-tomcat-7.0.81
Mar 27, 2025 7:50:29 PM org.apache.catalina.startup.VersionLoggerListener log
INFO: Command line argument: -Djava.util.logging.config.file=C:\Users\LENOVO\Downloads\SC3010 Presentation\apache-tomcat-7.0.81-windows-x64\apache-tomcat-7.0.81\conf\logging.properties
Mar 27, 2025 7:50:29 PM org.apache.catalina.startup.VersionLoggerListener log
INFO: Command line argument: -Djava.util.logging.manager=org.apache.juli.ClassLoaderLogManager
Mar 27, 2025 7:50:29 PM org.apache.catalina.startup.VersionLoggerListener log
INFO: Command line argument: -Djdk.tls.ephemeralDHKeySize=2048
Mar 27, 2025 7:50:29 PM org.apache.catalina.startup.VersionLoggerListener log
INFO: Command line argument: -Djava.endorsed.dirs=C:\Users\LENOVO\Downloads\SC3010 Presentation\apache-tomcat-7.0.81-windows-x64\apache-tomcat-7.0.81\endorsed
Mar 27, 2025 7:50:29 PM org.apache.catalina.startup.VersionLoggerListener log
INFO: Command line argument: -Dcatalina.base=C:\Users\LENOVO\Downloads\SC3010 Presentation\apache-tomcat-7.0.81-windows-x64\apache-tomcat-7.0.81
Mar 27, 2025 7:50:29 PM org.apache.catalina.startup.VersionLoggerListener log
INFO: Command line argument: -Dcatalina.home=C:\Users\LENOVO\Downloads\SC3010 Presentation\apache-tomcat-7.0.81-windows-x64\apache-tomcat-7.0.81
Mar 27, 2025 7:50:29 PM org.apache.catalina.startup.VersionLoggerListener log
INFO: Command line argument: -Djava.io.tmpdir=C:\Users\LENOVO\Downloads\SC3010 Presentation\apache-tomcat-7.0.81-windows-x64\apache-tomcat-7.0.81\temp
Mar 27, 2025 7:50:29 PM org.apache.catalina.core.AprLifecycleListener lifecycleEvent
INFO: Loaded APR based Apache Tomcat Native library 1.2.12 using APR version 1.5.2.
Mar 27, 2025 7:50:29 PM org.apache.catalina.core.AprLifecycleListener lifecycleEvent
INFO: APR capabilities: IPv6 [true], sendfile [true], accept filters [false], random [true].
Mar 27, 2025 7:50:29 PM org.apache.catalina.core.AprLifecycleListener initializeSSL
INFO: OpenSSL successfully initialized (OpenSSL 1.0.2k  26 Jan 2017)
Mar 27, 2025 7:50:29 PM org.apache.coyote.AbstractProtocol init
INFO: Initializing ProtocolHandler ["http-apr-8080"]
Mar 27, 2025 7:50:29 PM org.apache.coyote.AbstractProtocol init
INFO: Initializing ProtocolHandler ["ajp-apr-8009"]
Mar 27, 2025 7:50:29 PM org.apache.catalina.startup.Catalina load
INFO: Initialization processed in 815 ms
Mar 27, 2025 7:50:29 PM org.apache.catalina.core.StandardService startInternal
INFO: Starting service Catalina
Mar 27, 2025 7:50:29 PM org.apache.catalina.core.StandardEngine startInternal
INFO: Starting Servlet Engine: Apache Tomcat/7.0.81
Mar 27, 2025 7:50:29 PM org.apache.catalina.startup.HostConfig deployWAR
INFO: Deploying web application archive C:\Users\LENOVO\Downloads\SC3010 Presentation\apache-tomcat-7.0.81-windows-x64\apache-tomcat-7.0.81\webapps\str.war
Mar 27, 2025 7:50:31 PM org.apache.catalina.startup.TldConfig execute
INFO: At least one JAR was scanned for TLDs yet contained no TLDs. Enable debug logging for this logger for a complete list of JARs that were scanned but no TLDs were found in them. Skipping unneeded JARs during scanning can improve startup time and JSP compilation time.
Mar 27, 2025 7:50:31 PM org.apache.catalina.core.StandardContext addApplicationListener
INFO: The listener "org.apache.myfaces.webapp.StartupServletContextListener" is already configured for this context. The duplicate definition has been ignored.
Mar 27, 2025 7:50:38 PM org.apache.catalina.util.SessionIdGeneratorBase createSecureRandom
WARNING: Creation of SecureRandom instance for session ID generation using [SHA1PRNG] took [387] milliseconds.
Mar 27, 2025 7:50:39 PM org.apache.catalina.startup.HostConfig deployWAR
INFO: Deployment of web application archive C:\Users\LENOVO\Downloads\SC3010 Presentation\apache-tomcat-7.0.81-windows-x64\apache-tomcat-7.0.81\webapps\str.war has finished in 9,678 ms
Mar 27, 2025 7:50:39 PM org.apache.catalina.startup.HostConfig deployDirectory
INFO: Deploying web application directory C:\Users\LENOVO\Downloads\SC3010 Presentation\apache-tomcat-7.0.81-windows-x64\apache-tomcat-7.0.81\webapps\docs
Mar 27, 2025 7:50:39 PM org.apache.catalina.startup.HostConfig deployDirectory
INFO: Deployment of web application directory C:\Users\LENOVO\Downloads\SC3010 Presentation\apache-tomcat-7.0.81-windows-x64\apache-tomcat-7.0.81\webapps\docs has finished in 57 ms
Mar 27, 2025 7:50:39 PM org.apache.catalina.startup.HostConfig deployDirectory
INFO: Deploying web application directory C:\Users\LENOVO\Downloads\SC3010 Presentation\apache-tomcat-7.0.81-windows-x64\apache-tomcat-7.0.81\webapps\examples
Mar 27, 2025 7:50:39 PM org.apache.catalina.startup.HostConfig deployDirectory
INFO: Deployment of web application directory C:\Users\LENOVO\Downloads\SC3010 Presentation\apache-tomcat-7.0.81-windows-x64\apache-tomcat-7.0.81\webapps\examples has finished in 248 ms
Mar 27, 2025 7:50:39 PM org.apache.catalina.startup.HostConfig deployDirectory
INFO: Deploying web application directory C:\Users\LENOVO\Downloads\SC3010 Presentation\apache-tomcat-7.0.81-windows-x64\apache-tomcat-7.0.81\webapps\host-manager
Mar 27, 2025 7:50:39 PM org.apache.catalina.startup.HostConfig deployDirectory
INFO: Deployment of web application directory C:\Users\LENOVO\Downloads\SC3010 Presentation\apache-tomcat-7.0.81-windows-x64\apache-tomcat-7.0.81\webapps\host-manager has finished in 56 ms
Mar 27, 2025 7:50:39 PM org.apache.catalina.startup.HostConfig deployDirectory
INFO: Deploying web application directory C:\Users\LENOVO\Downloads\SC3010 Presentation\apache-tomcat-7.0.81-windows-x64\apache-tomcat-7.0.81\webapps\manager
Mar 27, 2025 7:50:39 PM org.apache.catalina.startup.HostConfig deployDirectory
INFO: Deployment of web application directory C:\Users\LENOVO\Downloads\SC3010 Presentation\apache-tomcat-7.0.81-windows-x64\apache-tomcat-7.0.81\webapps\manager has finished in 60 ms
Mar 27, 2025 7:50:39 PM org.apache.catalina.startup.HostConfig deployDirectory
INFO: Deploying web application directory C:\Users\LENOVO\Downloads\SC3010 Presentation\apache-tomcat-7.0.81-windows-x64\apache-tomcat-7.0.81\webapps\ROOT
Mar 27, 2025 7:50:39 PM org.apache.catalina.startup.HostConfig deployDirectory
INFO: Deployment of web application directory C:\Users\LENOVO\Downloads\SC3010 Presentation\apache-tomcat-7.0.81-windows-x64\apache-tomcat-7.0.81\webapps\ROOT has finished in 43 ms
Mar 27, 2025 7:50:39 PM org.apache.coyote.AbstractProtocol start
INFO: Starting ProtocolHandler ["http-apr-8080"]
Mar 27, 2025 7:50:39 PM org.apache.coyote.AbstractProtocol start
INFO: Starting ProtocolHandler ["ajp-apr-8009"]
Mar 27, 2025 7:50:39 PM org.apache.catalina.startup.Catalina start
INFO: Server startup in 10288 ms
Mar 27, 2025 7:51:45 PM org.apache.jasper.compiler.TldLocationsCache tldScanJar
INFO: At least one JAR was scanned for TLDs yet contained no TLDs. Enable debug logging for this logger for a complete list of JARs that were scanned but no TLDs were found in them. Skipping unneeded JARs during scanning can improve startup time and JSP compilation time.
Mar 27, 2025 8:30:30 PM org.apache.catalina.core.StandardServer await
INFO: A valid shutdown command was received via the shutdown port. Stopping the Server instance.
Mar 27, 2025 8:30:30 PM org.apache.coyote.AbstractProtocol pause
INFO: Pausing ProtocolHandler ["http-apr-8080"]
Mar 27, 2025 8:30:30 PM org.apache.coyote.AbstractProtocol pause
INFO: Pausing ProtocolHandler ["ajp-apr-8009"]
Mar 27, 2025 8:30:30 PM org.apache.catalina.core.StandardService stopInternal
INFO: Stopping service Catalina
Mar 27, 2025 8:30:31 PM org.apache.catalina.loader.WebappClassLoaderBase checkThreadLocalMapForLeaks
SEVERE: The web application [/str] created a ThreadLocal with key of type [java.lang.ThreadLocal] (value [java.lang.ThreadLocal@68829e45]) and a value of type [com.opensymphony.xwork2.inject.ContainerImpl] (value [com.opensymphony.xwork2.inject.ContainerImpl@4a957b25]) but failed to remove it when the web application was stopped. Threads are going to be renewed over time to try and avoid a probable memory leak.
Mar 27, 2025 8:30:31 PM org.apache.catalina.loader.WebappClassLoaderBase checkThreadLocalMapForLeaks
SEVERE: The web application [/str] created a ThreadLocal with key of type [java.lang.ThreadLocal] (value [java.lang.ThreadLocal@68829e45]) and a value of type [com.opensymphony.xwork2.inject.ContainerImpl] (value [com.opensymphony.xwork2.inject.ContainerImpl@4a957b25]) but failed to remove it when the web application was stopped. Threads are going to be renewed over time to try and avoid a probable memory leak.
Mar 27, 2025 8:30:31 PM org.apache.catalina.loader.WebappClassLoaderBase checkThreadLocalMapForLeaks
SEVERE: The web application [/str] created a ThreadLocal with key of type [java.lang.ThreadLocal] (value [java.lang.ThreadLocal@68829e45]) and a value of type [com.opensymphony.xwork2.inject.ContainerImpl] (value [com.opensymphony.xwork2.inject.ContainerImpl@4a957b25]) but failed to remove it when the web application was stopped. Threads are going to be renewed over time to try and avoid a probable memory leak.
Mar 27, 2025 8:30:31 PM org.apache.catalina.loader.WebappClassLoaderBase checkThreadLocalMapForLeaks
SEVERE: The web application [/str] created a ThreadLocal with key of type [java.lang.ThreadLocal] (value [java.lang.ThreadLocal@68829e45]) and a value of type [com.opensymphony.xwork2.inject.ContainerImpl] (value [com.opensymphony.xwork2.inject.ContainerImpl@4a957b25]) but failed to remove it when the web application was stopped. Threads are going to be renewed over time to try and avoid a probable memory leak.
Mar 27, 2025 8:30:31 PM org.apache.catalina.loader.WebappClassLoaderBase checkThreadLocalMapForLeaks
SEVERE: The web application [/str] created a ThreadLocal with key of type [java.lang.ThreadLocal] (value [java.lang.ThreadLocal@68829e45]) and a value of type [com.opensymphony.xwork2.inject.ContainerImpl] (value [com.opensymphony.xwork2.inject.ContainerImpl@4a957b25]) but failed to remove it when the web application was stopped. Threads are going to be renewed over time to try and avoid a probable memory leak.
Mar 27, 2025 8:30:31 PM org.apache.catalina.loader.WebappClassLoaderBase checkThreadLocalMapForLeaks
SEVERE: The web application [/str] created a ThreadLocal with key of type [java.lang.ThreadLocal] (value [java.lang.ThreadLocal@68829e45]) and a value of type [com.opensymphony.xwork2.inject.ContainerImpl] (value [com.opensymphony.xwork2.inject.ContainerImpl@4a957b25]) but failed to remove it when the web application was stopped. Threads are going to be renewed over time to try and avoid a probable memory leak.
Mar 27, 2025 8:30:31 PM org.apache.catalina.loader.WebappClassLoaderBase checkThreadLocalMapForLeaks
SEVERE: The web application [/str] created a ThreadLocal with key of type [java.lang.ThreadLocal] (value [java.lang.ThreadLocal@68829e45]) and a value of type [com.opensymphony.xwork2.inject.ContainerImpl] (value [com.opensymphony.xwork2.inject.ContainerImpl@4a957b25]) but failed to remove it when the web application was stopped. Threads are going to be renewed over time to try and avoid a probable memory leak.
Mar 27, 2025 8:30:31 PM org.apache.catalina.loader.WebappClassLoaderBase checkThreadLocalMapForLeaks
SEVERE: The web application [/str] created a ThreadLocal with key of type [java.lang.ThreadLocal] (value [java.lang.ThreadLocal@68829e45]) and a value of type [com.opensymphony.xwork2.inject.ContainerImpl] (value [com.opensymphony.xwork2.inject.ContainerImpl@4a957b25]) but failed to remove it when the web application was stopped. Threads are going to be renewed over time to try and avoid a probable memory leak.
Mar 27, 2025 8:30:31 PM org.apache.catalina.loader.WebappClassLoaderBase checkThreadLocalMapForLeaks
SEVERE: The web application [/str] created a ThreadLocal with key of type [java.lang.ThreadLocal] (value [java.lang.ThreadLocal@68829e45]) and a value of type [com.opensymphony.xwork2.inject.ContainerImpl] (value [com.opensymphony.xwork2.inject.ContainerImpl@4a957b25]) but failed to remove it when the web application was stopped. Threads are going to be renewed over time to try and avoid a probable memory leak.
Mar 27, 2025 8:30:31 PM org.apache.catalina.loader.WebappClassLoaderBase checkThreadLocalMapForLeaks
SEVERE: The web application [/str] created a ThreadLocal with key of type [java.lang.ThreadLocal] (value [java.lang.ThreadLocal@68829e45]) and a value of type [com.opensymphony.xwork2.inject.ContainerImpl] (value [com.opensymphony.xwork2.inject.ContainerImpl@4a957b25]) but failed to remove it when the web application was stopped. Threads are going to be renewed over time to try and avoid a probable memory leak.
Mar 27, 2025 8:30:31 PM org.apache.catalina.loader.WebappClassLoaderBase checkThreadLocalMapForLeaks
SEVERE: The web application [/str] created a ThreadLocal with key of type [java.lang.ThreadLocal] (value [java.lang.ThreadLocal@68829e45]) and a value of type [com.opensymphony.xwork2.inject.ContainerImpl] (value [com.opensymphony.xwork2.inject.ContainerImpl@4a957b25]) but failed to remove it when the web application was stopped. Threads are going to be renewed over time to try and avoid a probable memory leak.
Mar 27, 2025 8:30:31 PM org.apache.coyote.AbstractProtocol stop
INFO: Stopping ProtocolHandler ["http-apr-8080"]
Mar 27, 2025 8:30:31 PM org.apache.coyote.AbstractProtocol stop
INFO: Stopping ProtocolHandler ["ajp-apr-8009"]
Mar 27, 2025 8:30:31 PM org.apache.coyote.AbstractProtocol destroy
INFO: Destroying ProtocolHandler ["http-apr-8080"]
Mar 27, 2025 8:30:31 PM org.apache.coyote.AbstractProtocol destroy
INFO: Destroying ProtocolHandler ["ajp-apr-8009"]
