2025-03-27 19:36:31,246 - Log4JLogChute initialized using file 'velocity.log'
2025-03-27 19:36:31,246 - Starting Apache Velocity v1.6.4 (compiled: 2010-04-27 15:31:23)
2025-03-27 19:36:31,246 - Default Properties File: org\apache\velocity\runtime\defaults\velocity.properties
2025-03-27 19:36:31,246 - Trying to use logger class org.apache.velocity.runtime.log.AvalonLogChute
2025-03-27 19:36:31,246 - Target log system for org.apache.velocity.runtime.log.AvalonLogChute is not available (java.lang.NoClassDefFoundError: org/apache/log/format/Formatter).  Falling back to next log system...
2025-03-27 19:36:31,246 - Trying to use logger class org.apache.velocity.runtime.log.Log4JLogChute
2025-03-27 19:36:31,246 - Using logger class org.apache.velocity.runtime.log.Log4JLogChute
2025-03-27 19:36:31,255 - ResourceLoader instantiated: org.apache.velocity.runtime.resource.loader.FileResourceLoader
2025-03-27 19:36:31,255 - Do unicode file recognition:  false
2025-03-27 19:36:31,255 - FileResourceLoader : adding path 'C:\Users\LENOVO\Downloads\SC3010 Presentation\apache-tomcat-7.0.81-windows-x64\apache-tomcat-7.0.81\webapps\str'
2025-03-27 19:36:31,256 - ResourceLoader instantiated: org.apache.struts2.views.velocity.StrutsResourceLoader
2025-03-27 19:36:31,257 - ResourceCache: initialized (class org.apache.velocity.runtime.resource.ResourceCacheImpl) with class java.util.Collections$SynchronizedMap cache map.
2025-03-27 19:36:31,257 - Loaded System Directive: org.apache.velocity.runtime.directive.Define
2025-03-27 19:36:31,257 - Loaded System Directive: org.apache.velocity.runtime.directive.Break
2025-03-27 19:36:31,257 - Loaded System Directive: org.apache.velocity.runtime.directive.Evaluate
2025-03-27 19:36:31,257 - Loaded System Directive: org.apache.velocity.runtime.directive.Literal
2025-03-27 19:36:31,257 - Loaded System Directive: org.apache.velocity.runtime.directive.Macro
2025-03-27 19:36:31,257 - Loaded System Directive: org.apache.velocity.runtime.directive.Parse
2025-03-27 19:36:31,257 - Loaded System Directive: org.apache.velocity.runtime.directive.Include
2025-03-27 19:36:31,257 - Loaded System Directive: org.apache.velocity.runtime.directive.Foreach
2025-03-27 19:36:31,259 - Loaded User Directive: org.apache.struts2.views.velocity.components.ActionDirective
2025-03-27 19:36:31,260 - Loaded User Directive: org.apache.struts2.views.velocity.components.BeanDirective
2025-03-27 19:36:31,261 - Loaded User Directive: org.apache.struts2.views.velocity.components.CheckBoxDirective
2025-03-27 19:36:31,262 - Loaded User Directive: org.apache.struts2.views.velocity.components.CheckBoxListDirective
2025-03-27 19:36:31,262 - Loaded User Directive: org.apache.struts2.views.velocity.components.ComboBoxDirective
2025-03-27 19:36:31,263 - Loaded User Directive: org.apache.struts2.views.velocity.components.ComponentDirective
2025-03-27 19:36:31,264 - Loaded User Directive: org.apache.struts2.views.velocity.components.DateDirective
2025-03-27 19:36:31,265 - Loaded User Directive: org.apache.struts2.views.velocity.components.DivDirective
2025-03-27 19:36:31,266 - Loaded User Directive: org.apache.struts2.views.velocity.components.DoubleSelectDirective
2025-03-27 19:36:31,267 - Loaded User Directive: org.apache.struts2.views.velocity.components.FileDirective
2025-03-27 19:36:31,270 - Loaded User Directive: org.apache.struts2.views.velocity.components.FormDirective
2025-03-27 19:36:31,270 - Loaded User Directive: org.apache.struts2.views.velocity.components.HeadDirective
2025-03-27 19:36:31,270 - Loaded User Directive: org.apache.struts2.views.velocity.components.HiddenDirective
2025-03-27 19:36:31,271 - Loaded User Directive: org.apache.struts2.views.velocity.components.AnchorDirective
2025-03-27 19:36:31,271 - Loaded User Directive: org.apache.struts2.views.velocity.components.I18nDirective
2025-03-27 19:36:31,272 - Loaded User Directive: org.apache.struts2.views.velocity.components.IncludeDirective
2025-03-27 19:36:31,273 - Loaded User Directive: org.apache.struts2.views.velocity.components.LabelDirective
2025-03-27 19:36:31,274 - Loaded User Directive: org.apache.struts2.views.velocity.components.ParamDirective
2025-03-27 19:36:31,274 - Loaded User Directive: org.apache.struts2.views.velocity.components.PasswordDirective
2025-03-27 19:36:31,275 - Loaded User Directive: org.apache.struts2.views.velocity.components.PushDirective
2025-03-27 19:36:31,275 - Loaded User Directive: org.apache.struts2.views.velocity.components.PropertyDirective
2025-03-27 19:36:31,276 - Loaded User Directive: org.apache.struts2.views.velocity.components.RadioDirective
2025-03-27 19:36:31,277 - Loaded User Directive: org.apache.struts2.views.velocity.components.SelectDirective
2025-03-27 19:36:31,277 - Loaded User Directive: org.apache.struts2.views.velocity.components.SetDirective
2025-03-27 19:36:31,278 - Loaded User Directive: org.apache.struts2.views.velocity.components.SubmitDirective
2025-03-27 19:36:31,279 - Loaded User Directive: org.apache.struts2.views.velocity.components.ResetDirective
2025-03-27 19:36:31,279 - Loaded User Directive: org.apache.struts2.views.velocity.components.TextAreaDirective
2025-03-27 19:36:31,280 - Loaded User Directive: org.apache.struts2.views.velocity.components.TextDirective
2025-03-27 19:36:31,280 - Loaded User Directive: org.apache.struts2.views.velocity.components.TextFieldDirective
2025-03-27 19:36:31,280 - Loaded User Directive: org.apache.struts2.views.velocity.components.TokenDirective
2025-03-27 19:36:31,281 - Loaded User Directive: org.apache.struts2.views.velocity.components.URLDirective
2025-03-27 19:36:31,282 - Loaded User Directive: org.apache.struts2.views.velocity.components.ActionErrorDirective
2025-03-27 19:36:31,282 - Loaded User Directive: org.apache.struts2.views.velocity.components.ActionMessageDirective
2025-03-27 19:36:31,283 - Loaded User Directive: org.apache.struts2.views.velocity.components.FieldErrorDirective
2025-03-27 19:36:31,284 - Loaded User Directive: org.apache.struts2.views.velocity.components.OptionTransferSelectDirective
2025-03-27 19:36:31,285 - Loaded User Directive: org.apache.struts2.views.velocity.components.UpDownSelectDirective
2025-03-27 19:36:31,286 - Loaded User Directive: org.apache.struts2.dojo.views.velocity.components.DateTimePickerDirective
2025-03-27 19:36:31,287 - Loaded User Directive: org.apache.struts2.dojo.views.velocity.components.DivDirective
2025-03-27 19:36:31,288 - Loaded User Directive: org.apache.struts2.dojo.views.velocity.components.AutocompleterDirective
2025-03-27 19:36:31,288 - Loaded User Directive: org.apache.struts2.dojo.views.velocity.components.AnchorDirective
2025-03-27 19:36:31,288 - Loaded User Directive: org.apache.struts2.dojo.views.velocity.components.SubmitDirective
2025-03-27 19:36:31,289 - Loaded User Directive: org.apache.struts2.dojo.views.velocity.components.TabbedPanelDirective
2025-03-27 19:36:31,290 - Loaded User Directive: org.apache.struts2.dojo.views.velocity.components.TreeDirective
2025-03-27 19:36:31,290 - Loaded User Directive: org.apache.struts2.dojo.views.velocity.components.TreeNodeDirective
2025-03-27 19:36:31,291 - Loaded User Directive: org.apache.struts2.dojo.views.velocity.components.HeadDirective
2025-03-27 19:36:31,292 - Loaded User Directive: org.apache.struts2.dojo.views.velocity.components.BindDirective
2025-03-27 19:36:31,293 - Loaded User Directive: org.apache.struts2.dojo.views.velocity.components.TextAreaDirective
2025-03-27 19:36:31,293 - Loaded User Directive: org.apache.struts2.views.velocity.components.ActionDirective
2025-03-27 19:36:31,293 - Loaded User Directive: org.apache.struts2.views.velocity.components.BeanDirective
2025-03-27 19:36:31,293 - Loaded User Directive: org.apache.struts2.views.velocity.components.CheckBoxDirective
2025-03-27 19:36:31,293 - Loaded User Directive: org.apache.struts2.views.velocity.components.CheckBoxListDirective
2025-03-27 19:36:31,293 - Loaded User Directive: org.apache.struts2.views.velocity.components.ComboBoxDirective
2025-03-27 19:36:31,293 - Loaded User Directive: org.apache.struts2.views.velocity.components.ComponentDirective
2025-03-27 19:36:31,293 - Loaded User Directive: org.apache.struts2.views.velocity.components.DateDirective
2025-03-27 19:36:31,293 - Loaded User Directive: org.apache.struts2.views.velocity.components.DivDirective
2025-03-27 19:36:31,293 - Loaded User Directive: org.apache.struts2.views.velocity.components.DoubleSelectDirective
2025-03-27 19:36:31,293 - Loaded User Directive: org.apache.struts2.views.velocity.components.FileDirective
2025-03-27 19:36:31,293 - Loaded User Directive: org.apache.struts2.views.velocity.components.FormDirective
2025-03-27 19:36:31,293 - Loaded User Directive: org.apache.struts2.views.velocity.components.HeadDirective
2025-03-27 19:36:31,293 - Loaded User Directive: org.apache.struts2.views.velocity.components.HiddenDirective
2025-03-27 19:36:31,293 - Loaded User Directive: org.apache.struts2.views.velocity.components.AnchorDirective
2025-03-27 19:36:31,293 - Loaded User Directive: org.apache.struts2.views.velocity.components.I18nDirective
2025-03-27 19:36:31,293 - Loaded User Directive: org.apache.struts2.views.velocity.components.IncludeDirective
2025-03-27 19:36:31,293 - Loaded User Directive: org.apache.struts2.views.velocity.components.LabelDirective
2025-03-27 19:36:31,293 - Loaded User Directive: org.apache.struts2.views.velocity.components.ParamDirective
2025-03-27 19:36:31,293 - Loaded User Directive: org.apache.struts2.views.velocity.components.PasswordDirective
2025-03-27 19:36:31,293 - Loaded User Directive: org.apache.struts2.views.velocity.components.PushDirective
2025-03-27 19:36:31,293 - Loaded User Directive: org.apache.struts2.views.velocity.components.PropertyDirective
2025-03-27 19:36:31,293 - Loaded User Directive: org.apache.struts2.views.velocity.components.RadioDirective
2025-03-27 19:36:31,293 - Loaded User Directive: org.apache.struts2.views.velocity.components.SelectDirective
2025-03-27 19:36:31,293 - Loaded User Directive: org.apache.struts2.views.velocity.components.SetDirective
2025-03-27 19:36:31,293 - Loaded User Directive: org.apache.struts2.views.velocity.components.SubmitDirective
2025-03-27 19:36:31,293 - Loaded User Directive: org.apache.struts2.views.velocity.components.ResetDirective
2025-03-27 19:36:31,293 - Loaded User Directive: org.apache.struts2.views.velocity.components.TextAreaDirective
2025-03-27 19:36:31,293 - Loaded User Directive: org.apache.struts2.views.velocity.components.TextDirective
2025-03-27 19:36:31,293 - Loaded User Directive: org.apache.struts2.views.velocity.components.TextFieldDirective
2025-03-27 19:36:31,293 - Loaded User Directive: org.apache.struts2.views.velocity.components.TokenDirective
2025-03-27 19:36:31,293 - Loaded User Directive: org.apache.struts2.views.velocity.components.URLDirective
2025-03-27 19:36:31,293 - Loaded User Directive: org.apache.struts2.views.velocity.components.ActionErrorDirective
2025-03-27 19:36:31,293 - Loaded User Directive: org.apache.struts2.views.velocity.components.ActionMessageDirective
2025-03-27 19:36:31,293 - Loaded User Directive: org.apache.struts2.views.velocity.components.FieldErrorDirective
2025-03-27 19:36:31,293 - Loaded User Directive: org.apache.struts2.views.velocity.components.OptionTransferSelectDirective
2025-03-27 19:36:31,293 - Loaded User Directive: org.apache.struts2.views.velocity.components.UpDownSelectDirective
2025-03-27 19:36:31,294 - Loaded User Directive: org.apache.struts2.dojo.views.velocity.components.DateTimePickerDirective
2025-03-27 19:36:31,294 - Loaded User Directive: org.apache.struts2.dojo.views.velocity.components.DivDirective
2025-03-27 19:36:31,294 - Loaded User Directive: org.apache.struts2.dojo.views.velocity.components.AutocompleterDirective
2025-03-27 19:36:31,294 - Loaded User Directive: org.apache.struts2.dojo.views.velocity.components.AnchorDirective
2025-03-27 19:36:31,294 - Loaded User Directive: org.apache.struts2.dojo.views.velocity.components.SubmitDirective
2025-03-27 19:36:31,294 - Loaded User Directive: org.apache.struts2.dojo.views.velocity.components.TabbedPanelDirective
2025-03-27 19:36:31,294 - Loaded User Directive: org.apache.struts2.dojo.views.velocity.components.TreeDirective
2025-03-27 19:36:31,294 - Loaded User Directive: org.apache.struts2.dojo.views.velocity.components.TreeNodeDirective
2025-03-27 19:36:31,294 - Loaded User Directive: org.apache.struts2.dojo.views.velocity.components.HeadDirective
2025-03-27 19:36:31,294 - Loaded User Directive: org.apache.struts2.dojo.views.velocity.components.BindDirective
2025-03-27 19:36:31,294 - Loaded User Directive: org.apache.struts2.dojo.views.velocity.components.TextAreaDirective
2025-03-27 19:36:31,294 - Velocity was not initialized! Calling init()...
2025-03-27 19:36:31,294 - Velocity was not initialized! Calling init()...
2025-03-27 19:36:31,294 - Velocity was not initialized! Calling init()...
2025-03-27 19:36:31,294 - Velocity was not initialized! Calling init()...
2025-03-27 19:36:31,294 - Velocity was not initialized! Calling init()...
2025-03-27 19:36:31,294 - Velocity was not initialized! Calling init()...
2025-03-27 19:36:31,294 - Velocity was not initialized! Calling init()...
2025-03-27 19:36:31,294 - Velocity was not initialized! Calling init()...
2025-03-27 19:36:31,294 - Velocity was not initialized! Calling init()...
2025-03-27 19:36:31,294 - Velocity was not initialized! Calling init()...
2025-03-27 19:36:31,294 - Velocity was not initialized! Calling init()...
2025-03-27 19:36:31,294 - Velocity was not initialized! Calling init()...
2025-03-27 19:36:31,295 - Velocity was not initialized! Calling init()...
2025-03-27 19:36:31,295 - Velocity was not initialized! Calling init()...
2025-03-27 19:36:31,295 - Velocity was not initialized! Calling init()...
2025-03-27 19:36:31,295 - Velocity was not initialized! Calling init()...
2025-03-27 19:36:31,295 - Velocity was not initialized! Calling init()...
2025-03-27 19:36:31,295 - Velocity was not initialized! Calling init()...
2025-03-27 19:36:31,295 - Velocity was not initialized! Calling init()...
2025-03-27 19:36:31,295 - Velocity was not initialized! Calling init()...
2025-03-27 19:36:31,295 - Created '20' parsers.
2025-03-27 19:36:31,295 - Velocimacro : "velocimacro.library" is not set.  Trying default library: VM_global_library.vm
2025-03-27 19:36:31,295 - Velocity was not initialized! Calling init()...
2025-03-27 19:36:31,296 - Velocimacro : Default library not found.
2025-03-27 19:36:31,296 - Velocimacro : allowInline = true : VMs can be defined inline in templates
2025-03-27 19:36:31,296 - Velocimacro : allowInlineToOverride = false : VMs defined inline may NOT replace previous VM definitions
2025-03-27 19:36:31,296 - Velocimacro : allowInlineLocal = false : VMs defined inline will be global in scope if allowed.
2025-03-27 19:36:31,296 - Velocimacro : autoload off : VM system will not automatically reload global library macros
2025-03-27 19:36:31,298 - VelocityViewServlet: Default content-type is: text/html
2025-03-27 19:50:39,192 - Log4JLogChute initialized using file 'velocity.log'
2025-03-27 19:50:39,192 - Starting Apache Velocity v1.6.4 (compiled: 2010-04-27 15:31:23)
2025-03-27 19:50:39,192 - Default Properties File: org\apache\velocity\runtime\defaults\velocity.properties
2025-03-27 19:50:39,192 - Trying to use logger class org.apache.velocity.runtime.log.AvalonLogChute
2025-03-27 19:50:39,192 - Target log system for org.apache.velocity.runtime.log.AvalonLogChute is not available (java.lang.NoClassDefFoundError: org/apache/log/format/Formatter).  Falling back to next log system...
2025-03-27 19:50:39,192 - Trying to use logger class org.apache.velocity.runtime.log.Log4JLogChute
2025-03-27 19:50:39,192 - Using logger class org.apache.velocity.runtime.log.Log4JLogChute
2025-03-27 19:50:39,194 - ResourceLoader instantiated: org.apache.velocity.runtime.resource.loader.FileResourceLoader
2025-03-27 19:50:39,194 - Do unicode file recognition:  false
2025-03-27 19:50:39,194 - FileResourceLoader : adding path 'C:\Users\LENOVO\Downloads\SC3010 Presentation\apache-tomcat-7.0.81-windows-x64\apache-tomcat-7.0.81\webapps\str'
2025-03-27 19:50:39,195 - ResourceLoader instantiated: org.apache.struts2.views.velocity.StrutsResourceLoader
2025-03-27 19:50:39,195 - ResourceCache: initialized (class org.apache.velocity.runtime.resource.ResourceCacheImpl) with class java.util.Collections$SynchronizedMap cache map.
2025-03-27 19:50:39,195 - Loaded System Directive: org.apache.velocity.runtime.directive.Define
2025-03-27 19:50:39,195 - Loaded System Directive: org.apache.velocity.runtime.directive.Break
2025-03-27 19:50:39,195 - Loaded System Directive: org.apache.velocity.runtime.directive.Evaluate
2025-03-27 19:50:39,195 - Loaded System Directive: org.apache.velocity.runtime.directive.Literal
2025-03-27 19:50:39,195 - Loaded System Directive: org.apache.velocity.runtime.directive.Macro
2025-03-27 19:50:39,195 - Loaded System Directive: org.apache.velocity.runtime.directive.Parse
2025-03-27 19:50:39,195 - Loaded System Directive: org.apache.velocity.runtime.directive.Include
2025-03-27 19:50:39,195 - Loaded System Directive: org.apache.velocity.runtime.directive.Foreach
2025-03-27 19:50:39,197 - Loaded User Directive: org.apache.struts2.views.velocity.components.ActionDirective
2025-03-27 19:50:39,197 - Loaded User Directive: org.apache.struts2.views.velocity.components.BeanDirective
2025-03-27 19:50:39,198 - Loaded User Directive: org.apache.struts2.views.velocity.components.CheckBoxDirective
2025-03-27 19:50:39,200 - Loaded User Directive: org.apache.struts2.views.velocity.components.CheckBoxListDirective
2025-03-27 19:50:39,202 - Loaded User Directive: org.apache.struts2.views.velocity.components.ComboBoxDirective
2025-03-27 19:50:39,204 - Loaded User Directive: org.apache.struts2.views.velocity.components.ComponentDirective
2025-03-27 19:50:39,204 - Loaded User Directive: org.apache.struts2.views.velocity.components.DateDirective
2025-03-27 19:50:39,206 - Loaded User Directive: org.apache.struts2.views.velocity.components.DivDirective
2025-03-27 19:50:39,208 - Loaded User Directive: org.apache.struts2.views.velocity.components.DoubleSelectDirective
2025-03-27 19:50:39,208 - Loaded User Directive: org.apache.struts2.views.velocity.components.FileDirective
2025-03-27 19:50:39,209 - Loaded User Directive: org.apache.struts2.views.velocity.components.FormDirective
2025-03-27 19:50:39,210 - Loaded User Directive: org.apache.struts2.views.velocity.components.HeadDirective
2025-03-27 19:50:39,210 - Loaded User Directive: org.apache.struts2.views.velocity.components.HiddenDirective
2025-03-27 19:50:39,211 - Loaded User Directive: org.apache.struts2.views.velocity.components.AnchorDirective
2025-03-27 19:50:39,212 - Loaded User Directive: org.apache.struts2.views.velocity.components.I18nDirective
2025-03-27 19:50:39,213 - Loaded User Directive: org.apache.struts2.views.velocity.components.IncludeDirective
2025-03-27 19:50:39,213 - Loaded User Directive: org.apache.struts2.views.velocity.components.LabelDirective
2025-03-27 19:50:39,214 - Loaded User Directive: org.apache.struts2.views.velocity.components.ParamDirective
2025-03-27 19:50:39,214 - Loaded User Directive: org.apache.struts2.views.velocity.components.PasswordDirective
2025-03-27 19:50:39,215 - Loaded User Directive: org.apache.struts2.views.velocity.components.PushDirective
2025-03-27 19:50:39,215 - Loaded User Directive: org.apache.struts2.views.velocity.components.PropertyDirective
2025-03-27 19:50:39,216 - Loaded User Directive: org.apache.struts2.views.velocity.components.RadioDirective
2025-03-27 19:50:39,216 - Loaded User Directive: org.apache.struts2.views.velocity.components.SelectDirective
2025-03-27 19:50:39,217 - Loaded User Directive: org.apache.struts2.views.velocity.components.SetDirective
2025-03-27 19:50:39,218 - Loaded User Directive: org.apache.struts2.views.velocity.components.SubmitDirective
2025-03-27 19:50:39,219 - Loaded User Directive: org.apache.struts2.views.velocity.components.ResetDirective
2025-03-27 19:50:39,219 - Loaded User Directive: org.apache.struts2.views.velocity.components.TextAreaDirective
2025-03-27 19:50:39,220 - Loaded User Directive: org.apache.struts2.views.velocity.components.TextDirective
2025-03-27 19:50:39,220 - Loaded User Directive: org.apache.struts2.views.velocity.components.TextFieldDirective
2025-03-27 19:50:39,220 - Loaded User Directive: org.apache.struts2.views.velocity.components.TokenDirective
2025-03-27 19:50:39,221 - Loaded User Directive: org.apache.struts2.views.velocity.components.URLDirective
2025-03-27 19:50:39,221 - Loaded User Directive: org.apache.struts2.views.velocity.components.ActionErrorDirective
2025-03-27 19:50:39,222 - Loaded User Directive: org.apache.struts2.views.velocity.components.ActionMessageDirective
2025-03-27 19:50:39,222 - Loaded User Directive: org.apache.struts2.views.velocity.components.FieldErrorDirective
2025-03-27 19:50:39,223 - Loaded User Directive: org.apache.struts2.views.velocity.components.OptionTransferSelectDirective
2025-03-27 19:50:39,224 - Loaded User Directive: org.apache.struts2.views.velocity.components.UpDownSelectDirective
2025-03-27 19:50:39,224 - Loaded User Directive: org.apache.struts2.dojo.views.velocity.components.DateTimePickerDirective
2025-03-27 19:50:39,226 - Loaded User Directive: org.apache.struts2.dojo.views.velocity.components.DivDirective
2025-03-27 19:50:39,226 - Loaded User Directive: org.apache.struts2.dojo.views.velocity.components.AutocompleterDirective
2025-03-27 19:50:39,226 - Loaded User Directive: org.apache.struts2.dojo.views.velocity.components.AnchorDirective
2025-03-27 19:50:39,226 - Loaded User Directive: org.apache.struts2.dojo.views.velocity.components.SubmitDirective
2025-03-27 19:50:39,227 - Loaded User Directive: org.apache.struts2.dojo.views.velocity.components.TabbedPanelDirective
2025-03-27 19:50:39,228 - Loaded User Directive: org.apache.struts2.dojo.views.velocity.components.TreeDirective
2025-03-27 19:50:39,228 - Loaded User Directive: org.apache.struts2.dojo.views.velocity.components.TreeNodeDirective
2025-03-27 19:50:39,229 - Loaded User Directive: org.apache.struts2.dojo.views.velocity.components.HeadDirective
2025-03-27 19:50:39,230 - Loaded User Directive: org.apache.struts2.dojo.views.velocity.components.BindDirective
2025-03-27 19:50:39,230 - Loaded User Directive: org.apache.struts2.dojo.views.velocity.components.TextAreaDirective
2025-03-27 19:50:39,230 - Loaded User Directive: org.apache.struts2.views.velocity.components.ActionDirective
2025-03-27 19:50:39,230 - Loaded User Directive: org.apache.struts2.views.velocity.components.BeanDirective
2025-03-27 19:50:39,230 - Loaded User Directive: org.apache.struts2.views.velocity.components.CheckBoxDirective
2025-03-27 19:50:39,230 - Loaded User Directive: org.apache.struts2.views.velocity.components.CheckBoxListDirective
2025-03-27 19:50:39,230 - Loaded User Directive: org.apache.struts2.views.velocity.components.ComboBoxDirective
2025-03-27 19:50:39,230 - Loaded User Directive: org.apache.struts2.views.velocity.components.ComponentDirective
2025-03-27 19:50:39,230 - Loaded User Directive: org.apache.struts2.views.velocity.components.DateDirective
2025-03-27 19:50:39,230 - Loaded User Directive: org.apache.struts2.views.velocity.components.DivDirective
2025-03-27 19:50:39,231 - Loaded User Directive: org.apache.struts2.views.velocity.components.DoubleSelectDirective
2025-03-27 19:50:39,231 - Loaded User Directive: org.apache.struts2.views.velocity.components.FileDirective
2025-03-27 19:50:39,231 - Loaded User Directive: org.apache.struts2.views.velocity.components.FormDirective
2025-03-27 19:50:39,231 - Loaded User Directive: org.apache.struts2.views.velocity.components.HeadDirective
2025-03-27 19:50:39,231 - Loaded User Directive: org.apache.struts2.views.velocity.components.HiddenDirective
2025-03-27 19:50:39,231 - Loaded User Directive: org.apache.struts2.views.velocity.components.AnchorDirective
2025-03-27 19:50:39,231 - Loaded User Directive: org.apache.struts2.views.velocity.components.I18nDirective
2025-03-27 19:50:39,231 - Loaded User Directive: org.apache.struts2.views.velocity.components.IncludeDirective
2025-03-27 19:50:39,231 - Loaded User Directive: org.apache.struts2.views.velocity.components.LabelDirective
2025-03-27 19:50:39,231 - Loaded User Directive: org.apache.struts2.views.velocity.components.ParamDirective
2025-03-27 19:50:39,231 - Loaded User Directive: org.apache.struts2.views.velocity.components.PasswordDirective
2025-03-27 19:50:39,231 - Loaded User Directive: org.apache.struts2.views.velocity.components.PushDirective
2025-03-27 19:50:39,231 - Loaded User Directive: org.apache.struts2.views.velocity.components.PropertyDirective
2025-03-27 19:50:39,231 - Loaded User Directive: org.apache.struts2.views.velocity.components.RadioDirective
2025-03-27 19:50:39,231 - Loaded User Directive: org.apache.struts2.views.velocity.components.SelectDirective
2025-03-27 19:50:39,231 - Loaded User Directive: org.apache.struts2.views.velocity.components.SetDirective
2025-03-27 19:50:39,231 - Loaded User Directive: org.apache.struts2.views.velocity.components.SubmitDirective
2025-03-27 19:50:39,231 - Loaded User Directive: org.apache.struts2.views.velocity.components.ResetDirective
2025-03-27 19:50:39,231 - Loaded User Directive: org.apache.struts2.views.velocity.components.TextAreaDirective
2025-03-27 19:50:39,231 - Loaded User Directive: org.apache.struts2.views.velocity.components.TextDirective
2025-03-27 19:50:39,231 - Loaded User Directive: org.apache.struts2.views.velocity.components.TextFieldDirective
2025-03-27 19:50:39,231 - Loaded User Directive: org.apache.struts2.views.velocity.components.TokenDirective
2025-03-27 19:50:39,231 - Loaded User Directive: org.apache.struts2.views.velocity.components.URLDirective
2025-03-27 19:50:39,231 - Loaded User Directive: org.apache.struts2.views.velocity.components.ActionErrorDirective
2025-03-27 19:50:39,231 - Loaded User Directive: org.apache.struts2.views.velocity.components.ActionMessageDirective
2025-03-27 19:50:39,231 - Loaded User Directive: org.apache.struts2.views.velocity.components.FieldErrorDirective
2025-03-27 19:50:39,231 - Loaded User Directive: org.apache.struts2.views.velocity.components.OptionTransferSelectDirective
2025-03-27 19:50:39,231 - Loaded User Directive: org.apache.struts2.views.velocity.components.UpDownSelectDirective
2025-03-27 19:50:39,231 - Loaded User Directive: org.apache.struts2.dojo.views.velocity.components.DateTimePickerDirective
2025-03-27 19:50:39,231 - Loaded User Directive: org.apache.struts2.dojo.views.velocity.components.DivDirective
2025-03-27 19:50:39,231 - Loaded User Directive: org.apache.struts2.dojo.views.velocity.components.AutocompleterDirective
2025-03-27 19:50:39,231 - Loaded User Directive: org.apache.struts2.dojo.views.velocity.components.AnchorDirective
2025-03-27 19:50:39,231 - Loaded User Directive: org.apache.struts2.dojo.views.velocity.components.SubmitDirective
2025-03-27 19:50:39,231 - Loaded User Directive: org.apache.struts2.dojo.views.velocity.components.TabbedPanelDirective
2025-03-27 19:50:39,231 - Loaded User Directive: org.apache.struts2.dojo.views.velocity.components.TreeDirective
2025-03-27 19:50:39,231 - Loaded User Directive: org.apache.struts2.dojo.views.velocity.components.TreeNodeDirective
2025-03-27 19:50:39,231 - Loaded User Directive: org.apache.struts2.dojo.views.velocity.components.HeadDirective
2025-03-27 19:50:39,231 - Loaded User Directive: org.apache.struts2.dojo.views.velocity.components.BindDirective
2025-03-27 19:50:39,231 - Loaded User Directive: org.apache.struts2.dojo.views.velocity.components.TextAreaDirective
2025-03-27 19:50:39,231 - Velocity was not initialized! Calling init()...
2025-03-27 19:50:39,231 - Velocity was not initialized! Calling init()...
2025-03-27 19:50:39,231 - Velocity was not initialized! Calling init()...
2025-03-27 19:50:39,231 - Velocity was not initialized! Calling init()...
2025-03-27 19:50:39,231 - Velocity was not initialized! Calling init()...
2025-03-27 19:50:39,231 - Velocity was not initialized! Calling init()...
2025-03-27 19:50:39,232 - Velocity was not initialized! Calling init()...
2025-03-27 19:50:39,232 - Velocity was not initialized! Calling init()...
2025-03-27 19:50:39,232 - Velocity was not initialized! Calling init()...
2025-03-27 19:50:39,232 - Velocity was not initialized! Calling init()...
2025-03-27 19:50:39,232 - Velocity was not initialized! Calling init()...
2025-03-27 19:50:39,232 - Velocity was not initialized! Calling init()...
2025-03-27 19:50:39,232 - Velocity was not initialized! Calling init()...
2025-03-27 19:50:39,232 - Velocity was not initialized! Calling init()...
2025-03-27 19:50:39,232 - Velocity was not initialized! Calling init()...
2025-03-27 19:50:39,232 - Velocity was not initialized! Calling init()...
2025-03-27 19:50:39,232 - Velocity was not initialized! Calling init()...
2025-03-27 19:50:39,232 - Velocity was not initialized! Calling init()...
2025-03-27 19:50:39,232 - Velocity was not initialized! Calling init()...
2025-03-27 19:50:39,232 - Velocity was not initialized! Calling init()...
2025-03-27 19:50:39,232 - Created '20' parsers.
2025-03-27 19:50:39,232 - Velocimacro : "velocimacro.library" is not set.  Trying default library: VM_global_library.vm
2025-03-27 19:50:39,232 - Velocity was not initialized! Calling init()...
2025-03-27 19:50:39,233 - Velocimacro : Default library not found.
2025-03-27 19:50:39,233 - Velocimacro : allowInline = true : VMs can be defined inline in templates
2025-03-27 19:50:39,233 - Velocimacro : allowInlineToOverride = false : VMs defined inline may NOT replace previous VM definitions
2025-03-27 19:50:39,233 - Velocimacro : allowInlineLocal = false : VMs defined inline will be global in scope if allowed.
2025-03-27 19:50:39,233 - Velocimacro : autoload off : VM system will not automatically reload global library macros
2025-03-27 19:50:39,235 - VelocityViewServlet: Default content-type is: text/html
